2024-09-21T03:34:23.918Z - GET /packages - ::1
2024-09-21T03:34:23.988Z - GET /packages - ::1
2024-09-21T03:49:31.314Z - OPTIONS /users - ::1
2024-09-21T03:49:31.319Z - POST /users - ::1
2024-09-21T03:49:35.771Z - POST /users - ::1
2024-09-21T03:49:38.245Z - OPTIONS /users - ::1
2024-09-21T03:49:38.249Z - POST /users - ::1
2024-09-21T03:49:40.844Z - POST /users - ::1
2024-09-21T03:50:25.809Z - OPTIONS /users - ::1
2024-09-21T03:50:25.813Z - POST /users - ::1
2024-09-21T03:52:44.773Z - OPTIONS /users - ::1
2024-09-21T03:52:44.779Z - POST /users - ::1
2024-09-21T03:53:42.788Z - OPTIONS /users - ::1
2024-09-21T03:53:42.794Z - POST /users - ::1
2024-09-21T03:54:55.081Z - OPTIONS /users - ::1
2024-09-21T03:54:55.086Z - POST /users - ::1
2024-09-21T03:58:45.470Z - OPTIONS /users - ::1
2024-09-21T03:58:45.475Z - POST /users - ::1
2024-09-21T04:04:26.575Z - OPTIONS /users - ::1
2024-09-21T04:04:26.581Z - POST /users - ::1
2024-09-21T04:04:29.869Z - OPTIONS /users - ::1
2024-09-21T04:04:29.873Z - POST /users - ::1
2024-09-21T04:05:35.403Z - OPTIONS /users - ::1
2024-09-21T04:05:35.406Z - POST /users - ::1
2024-09-21T04:06:08.058Z - OPTIONS /users - ::1
2024-09-21T04:06:08.064Z - POST /users - ::1
2024-09-21T04:06:09.154Z - OPTIONS /users - ::1
2024-09-21T04:06:09.158Z - POST /users - ::1
2024-09-21T04:06:11.623Z - OPTIONS /users - ::1
2024-09-21T04:06:11.626Z - POST /users - ::1
2024-09-21T04:06:12.479Z - OPTIONS /users - ::1
2024-09-21T04:06:12.483Z - POST /users - ::1
2024-09-21T04:06:13.248Z - OPTIONS /users - ::1
2024-09-21T04:06:13.251Z - POST /users - ::1
2024-09-21T04:06:14.218Z - OPTIONS /users - ::1
2024-09-21T04:06:14.221Z - POST /users - ::1
2024-09-21T04:06:16.466Z - OPTIONS /users - ::1
2024-09-21T04:06:16.470Z - POST /users - ::1
2024-09-21T04:06:17.205Z - OPTIONS /users - ::1
2024-09-21T04:06:17.208Z - POST /users - ::1
2024-09-21T04:07:26.898Z - OPTIONS /users - ::1
2024-09-21T04:07:26.904Z - POST /users - ::1
2024-09-21T04:07:43.929Z - OPTIONS /users - ::1
2024-09-21T04:07:43.934Z - POST /users - ::1
2024-09-21T04:07:45.555Z - OPTIONS /users - ::1
2024-09-21T04:07:45.559Z - POST /users - ::1
2024-09-21T04:07:46.008Z - OPTIONS /users - ::1
2024-09-21T04:07:46.012Z - POST /users - ::1
2024-09-21T04:07:46.344Z - OPTIONS /users - ::1
2024-09-21T04:07:46.347Z - POST /users - ::1
2024-09-21T04:07:46.702Z - OPTIONS /users - ::1
2024-09-21T04:07:46.705Z - POST /users - ::1
2024-09-21T04:07:55.938Z - OPTIONS /users - ::1
2024-09-21T04:07:55.942Z - POST /users - ::1
2024-09-21T04:08:11.634Z - OPTIONS /users - ::1
2024-09-21T04:08:11.641Z - POST /users - ::1
2024-09-21T04:08:13.933Z - OPTIONS /users - ::1
2024-09-21T04:08:13.937Z - POST /users - ::1
2024-09-21T04:08:14.741Z - OPTIONS /users - ::1
2024-09-21T04:08:14.745Z - POST /users - ::1
2024-09-21T04:08:15.213Z - OPTIONS /users - ::1
2024-09-21T04:08:15.216Z - POST /users - ::1
2024-09-21T04:08:15.697Z - OPTIONS /users - ::1
2024-09-21T04:08:15.700Z - POST /users - ::1
2024-09-21T04:08:16.993Z - OPTIONS /users - ::1
2024-09-21T04:08:16.996Z - POST /users - ::1
2024-09-21T04:08:18.200Z - OPTIONS /users - ::1
2024-09-21T04:08:18.204Z - POST /users - ::1
2024-09-21T04:08:18.751Z - OPTIONS /users - ::1
2024-09-21T04:08:18.755Z - POST /users - ::1
2024-09-21T04:08:19.343Z - OPTIONS /users - ::1
2024-09-21T04:08:19.347Z - POST /users - ::1
2024-09-21T04:08:19.778Z - OPTIONS /users - ::1
2024-09-21T04:08:19.782Z - POST /users - ::1
2024-09-21T04:08:20.404Z - OPTIONS /users - ::1
2024-09-21T04:08:20.408Z - POST /users - ::1
2024-09-21T04:08:53.987Z - OPTIONS /users - ::1
2024-09-21T04:08:53.990Z - POST /users - ::1
2024-09-21T04:08:54.643Z - OPTIONS /users - ::1
2024-09-21T04:08:54.647Z - POST /users - ::1
2024-09-21T04:08:55.068Z - OPTIONS /users - ::1
2024-09-21T04:08:55.071Z - POST /users - ::1
2024-09-21T04:08:55.369Z - OPTIONS /users - ::1
2024-09-21T04:08:55.372Z - POST /users - ::1
2024-09-21T04:08:55.539Z - OPTIONS /users - ::1
2024-09-21T04:08:55.542Z - POST /users - ::1
2024-09-21T04:08:56.266Z - OPTIONS /users - ::1
2024-09-21T04:08:56.269Z - POST /users - ::1
2024-09-21T04:08:56.440Z - OPTIONS /users - ::1
2024-09-21T04:08:56.443Z - POST /users - ::1
2024-09-21T04:08:56.725Z - OPTIONS /users - ::1
2024-09-21T04:08:56.728Z - POST /users - ::1
2024-09-21T04:08:56.880Z - OPTIONS /users - ::1
2024-09-21T04:08:56.883Z - POST /users - ::1
2024-09-21T04:08:57.033Z - OPTIONS /users - ::1
2024-09-21T04:08:57.036Z - POST /users - ::1
2024-09-21T04:09:03.463Z - OPTIONS /users - ::1
2024-09-21T04:09:03.468Z - POST /users - ::1
2024-09-21T04:09:04.193Z - OPTIONS /users - ::1
2024-09-21T04:09:04.196Z - POST /users - ::1
2024-09-21T04:09:04.583Z - OPTIONS /users - ::1
2024-09-21T04:09:04.587Z - POST /users - ::1
2024-09-21T04:09:04.772Z - OPTIONS /users - ::1
2024-09-21T04:09:04.776Z - POST /users - ::1
2024-09-21T04:09:08.148Z - OPTIONS /users - ::1
2024-09-21T04:09:08.152Z - POST /users - ::1
2024-09-21T04:09:32.323Z - OPTIONS /users - ::1
2024-09-21T04:09:32.327Z - POST /users - ::1
2024-09-21T04:11:19.759Z - OPTIONS /users - ::1
2024-09-21T04:11:19.766Z - POST /users - ::1
2024-09-21T04:11:33.017Z - OPTIONS /users - ::1
2024-09-21T04:11:33.022Z - POST /users - ::1
2024-09-21T04:11:35.681Z - OPTIONS /users - ::1
2024-09-21T04:11:35.684Z - POST /users - ::1
2024-09-21T04:11:36.596Z - OPTIONS /users - ::1
2024-09-21T04:11:36.599Z - POST /users - ::1
2024-09-21T04:11:38.442Z - OPTIONS /users - ::1
2024-09-21T04:11:38.445Z - POST /users - ::1
2024-09-21T04:11:40.326Z - OPTIONS /users - ::1
2024-09-21T04:11:40.330Z - POST /users - ::1
2024-09-21T04:11:43.950Z - OPTIONS /users - ::1
2024-09-21T04:11:43.955Z - POST /users - ::1
2024-09-21T04:11:49.961Z - OPTIONS /users - ::1
2024-09-21T04:11:49.966Z - POST /users - ::1
2024-09-21T04:11:50.422Z - OPTIONS /users - ::1
2024-09-21T04:11:50.426Z - POST /users - ::1
2024-09-21T04:11:50.735Z - OPTIONS /users - ::1
2024-09-21T04:11:50.739Z - POST /users - ::1
2024-09-21T04:11:50.918Z - OPTIONS /users - ::1
2024-09-21T04:11:50.921Z - POST /users - ::1
2024-09-21T04:11:51.080Z - OPTIONS /users - ::1
2024-09-21T04:11:51.083Z - POST /users - ::1
2024-09-21T04:11:51.251Z - OPTIONS /users - ::1
2024-09-21T04:11:51.254Z - POST /users - ::1
2024-09-21T04:13:15.080Z - OPTIONS /users - ::1
2024-09-21T04:13:15.086Z - POST /users - ::1
2024-09-21T04:13:28.171Z - OPTIONS /users/register - ::1
2024-09-21T04:13:28.174Z - POST /users/register - ::1
2024-09-21T04:13:41.579Z - OPTIONS /users/getUserByToken - ::1
2024-09-21T04:13:41.580Z - OPTIONS /users/verify - ::1
2024-09-21T04:13:41.581Z - OPTIONS /users/getUserByToken - ::1
2024-09-21T04:13:41.582Z - OPTIONS /users/verify - ::1
2024-09-21T04:13:41.587Z - POST /users/verify - ::1
2024-09-21T04:13:41.590Z - POST /users/verify - ::1
2024-09-21T04:13:41.592Z - GET /users/getUserByToken - ::1
2024-09-21T04:13:41.655Z - GET /users/getUserByToken - ::1
2024-09-21T04:13:41.873Z - GET /packages - ::1
2024-09-21T04:13:41.944Z - GET /packages - ::1
2024-09-21T04:13:54.598Z - OPTIONS /payment - ::1
2024-09-21T04:13:54.599Z - OPTIONS /payment - ::1
2024-09-21T04:13:54.604Z - GET /payment - ::1
2024-09-21T04:13:54.677Z - GET /payment - ::1
2024-09-21T04:14:35.882Z - GET /packages - ::1
2024-09-21T04:14:35.950Z - GET /packages - ::1
2024-09-21T04:14:54.146Z - GET /packages - ::1
2024-09-21T04:14:54.215Z - GET /packages - ::1
2024-09-21T04:15:40.897Z - OPTIONS /payment - ::1
2024-09-21T04:15:40.898Z - OPTIONS /payment - ::1
2024-09-21T04:15:40.901Z - GET /payment - ::1
2024-09-21T04:15:40.973Z - GET /payment - ::1
2024-09-21T04:15:50.495Z - GET /packages - ::1
2024-09-21T04:15:50.564Z - GET /packages - ::1
2024-09-21T04:15:51.511Z - GET /packages - ::1
2024-09-21T04:15:51.581Z - GET /packages - ::1
2024-09-21T04:16:02.837Z - GET /packages - ::1
2024-09-21T04:16:02.906Z - GET /packages - ::1
2024-09-21T04:16:14.879Z - GET /packages - ::1
2024-09-21T04:16:14.881Z - GET /packages - ::1
2024-09-21T04:16:19.031Z - OPTIONS /users/resend-key - ::1
2024-09-21T04:16:19.034Z - GET /users/resend-key - ::1
2024-09-21T04:16:25.656Z - GET /packages - ::1
2024-09-21T04:16:25.658Z - GET /packages - ::1
2024-09-21T04:16:28.489Z - OPTIONS /users/resend-key - ::1
2024-09-21T04:16:28.494Z - GET /users/resend-key - ::1
2024-09-21T04:19:30.493Z - OPTIONS /users/resend-key - ::1
2024-09-21T04:19:30.496Z - GET /users/resend-key - ::1
2024-09-21T04:19:34.877Z - OPTIONS /users/getUserByToken - ::1
2024-09-21T04:19:34.880Z - OPTIONS /users/getUserByToken - ::1
2024-09-21T04:19:34.881Z - GET /users/getUserByToken - ::1
2024-09-21T04:19:34.883Z - GET /users/getUserByToken - ::1
2024-09-21T04:20:00.333Z - OPTIONS /users - ::1
2024-09-21T04:20:00.336Z - POST /users - ::1
2024-09-21T04:20:01.780Z - POST /users - ::1
2024-09-21T04:20:03.071Z - POST /users - ::1
2024-09-21T04:20:03.770Z - POST /users - ::1
2024-09-21T04:20:04.342Z - POST /users - ::1
2024-09-21T04:20:04.906Z - POST /users - ::1
2024-09-21T04:20:05.517Z - OPTIONS /users - ::1
2024-09-21T04:20:05.520Z - POST /users - ::1
2024-09-21T04:20:06.070Z - POST /users - ::1
2024-09-21T04:20:06.439Z - POST /users - ::1
2024-09-21T04:20:06.620Z - POST /users - ::1
2024-09-21T04:20:06.803Z - POST /users - ::1
2024-09-21T04:20:06.975Z - POST /users - ::1
2024-09-21T04:20:07.144Z - POST /users - ::1
2024-09-21T04:20:07.308Z - POST /users - ::1
2024-09-21T04:20:07.470Z - POST /users - ::1
2024-09-21T04:20:17.777Z - GET /packages - ::1
2024-09-21T04:20:17.847Z - GET /packages - ::1
2024-09-21T04:20:19.189Z - GET /packages - ::1
2024-09-21T04:20:19.258Z - GET /packages - ::1
2024-09-21T04:21:03.390Z - GET /packages - ::1
2024-09-21T04:21:03.459Z - GET /packages - ::1
2024-09-21T04:21:18.957Z - OPTIONS /users/register - ::1
2024-09-21T04:21:18.959Z - POST /users/register - ::1
2024-09-21T04:21:38.570Z - OPTIONS /users/getUserByToken - ::1
2024-09-21T04:21:38.571Z - OPTIONS /users/getUserByToken - ::1
2024-09-21T04:21:38.575Z - GET /users/getUserByToken - ::1
2024-09-21T04:21:38.645Z - GET /users/getUserByToken - ::1
2024-09-21T04:23:44.147Z - OPTIONS /users/resend-key - ::1
2024-09-21T04:23:44.150Z - GET /users/resend-key - ::1
2024-09-21T04:23:55.091Z - OPTIONS /users/getUserByToken - ::1
2024-09-21T04:23:55.092Z - OPTIONS /users/getUserByToken - ::1
2024-09-21T04:23:55.095Z - GET /users/getUserByToken - ::1
2024-09-21T04:23:55.165Z - GET /users/getUserByToken - ::1
2024-09-21T04:23:56.106Z - OPTIONS /users/resend-key - ::1
2024-09-21T04:23:56.109Z - GET /users/resend-key - ::1
2024-09-21T04:24:15.826Z - OPTIONS /users/resend-key - ::1
2024-09-21T04:24:15.830Z - GET /users/resend-key - ::1
2024-09-21T04:25:10.831Z - OPTIONS /users/getUserByToken - ::1
2024-09-21T04:25:10.836Z - OPTIONS /users/getUserByToken - ::1
2024-09-21T04:25:10.837Z - GET /users/getUserByToken - ::1
2024-09-21T04:25:11.296Z - GET /users/getUserByToken - ::1
2024-09-21T04:25:11.731Z - OPTIONS /users/resend-key - ::1
2024-09-21T04:25:11.734Z - GET /users/resend-key - ::1
2024-09-21T04:25:21.742Z - OPTIONS /users/resend-key - ::1
2024-09-21T04:25:21.745Z - GET /users/resend-key - ::1
2024-09-21T04:25:23.791Z - GET /packages - ::1
2024-09-21T04:25:23.854Z - GET /packages - ::1
2024-09-21T04:25:30.319Z - OPTIONS /users/resend-key - ::1
2024-09-21T04:25:30.322Z - GET /users/resend-key - ::1
2024-09-21T04:25:45.566Z - OPTIONS /users/getUserByToken - ::1
2024-09-21T04:25:45.568Z - OPTIONS /users/verify - ::1
2024-09-21T04:25:45.569Z - OPTIONS /users/getUserByToken - ::1
2024-09-21T04:25:45.571Z - GET /users/getUserByToken - ::1
2024-09-21T04:25:45.573Z - OPTIONS /users/verify - ::1
2024-09-21T04:25:45.575Z - POST /users/verify - ::1
2024-09-21T04:25:45.584Z - POST /users/verify - ::1
2024-09-21T04:25:45.632Z - GET /users/getUserByToken - ::1
2024-09-21T04:25:54.296Z - OPTIONS /users/getUserByToken - ::1
2024-09-21T04:25:54.298Z - OPTIONS /users/verify - ::1
2024-09-21T04:25:54.300Z - OPTIONS /users/verify - ::1
2024-09-21T04:25:54.301Z - GET /users/getUserByToken - ::1
2024-09-21T04:25:54.305Z - POST /users/verify - ::1
2024-09-21T04:25:54.306Z - POST /users/verify - ::1
2024-09-21T04:25:54.363Z - GET /users/getUserByToken - ::1
2024-09-21T04:25:57.946Z - GET /users/getUserByToken - ::1
2024-09-21T04:25:57.948Z - POST /users/verify - ::1
2024-09-21T04:25:57.950Z - POST /users/verify - ::1
2024-09-21T04:25:58.008Z - GET /users/getUserByToken - ::1
2024-09-21T04:25:58.230Z - GET /packages - ::1
2024-09-21T04:25:58.291Z - GET /packages - ::1
2024-09-21T04:26:06.883Z - GET /packages - ::1
2024-09-21T04:26:06.942Z - GET /packages - ::1
2024-09-21T04:26:07.770Z - GET /packages - ::1
2024-09-21T04:26:07.830Z - GET /packages - ::1
2024-09-21T04:26:20.779Z - GET /packages - ::1
2024-09-21T04:26:20.839Z - GET /packages - ::1
2024-09-21T04:26:25.605Z - OPTIONS /payment/create-stripe-session - ::1
2024-09-21T04:26:25.607Z - POST /payment/create-stripe-session - ::1
2024-09-21T04:26:38.536Z - OPTIONS /users/getUserByToken - ::1
2024-09-21T04:26:38.538Z - OPTIONS /payment/verify-payment/66ee4af1f8fb53ede2c41431/cs_test_a1PWOsKVIcWHOwZYnIWLIjkYWhCxuig0kTsFR2IGgrSrLs3Tzs4pcj5eWj - ::1
2024-09-21T04:26:38.540Z - OPTIONS /users/getUserByToken - ::1
2024-09-21T04:26:38.541Z - OPTIONS /payment/verify-payment/66ee4af1f8fb53ede2c41431/cs_test_a1PWOsKVIcWHOwZYnIWLIjkYWhCxuig0kTsFR2IGgrSrLs3Tzs4pcj5eWj - ::1
2024-09-21T04:26:38.542Z - GET /payment/verify-payment/66ee4af1f8fb53ede2c41431/cs_test_a1PWOsKVIcWHOwZYnIWLIjkYWhCxuig0kTsFR2IGgrSrLs3Tzs4pcj5eWj - ::1
2024-09-21T04:26:38.544Z - GET /users/getUserByToken - ::1
2024-09-21T04:26:38.605Z - GET /users/getUserByToken - ::1
2024-09-21T04:26:42.736Z - GET /payment/verify-payment/66ee4af1f8fb53ede2c41431/cs_test_a1PWOsKVIcWHOwZYnIWLIjkYWhCxuig0kTsFR2IGgrSrLs3Tzs4pcj5eWj - ::1
2024-09-21T04:26:42.755Z - GET /packages - ::1
2024-09-21T04:26:42.816Z - GET /packages - ::1
2024-09-21T04:26:46.439Z - OPTIONS /payment - ::1
2024-09-21T04:26:46.440Z - OPTIONS /payment - ::1
2024-09-21T04:26:46.443Z - GET /payment - ::1
2024-09-21T04:26:46.566Z - GET /payment - ::1
2024-09-21T04:28:15.485Z - OPTIONS /users/getUserByToken - ::1
2024-09-21T04:28:15.486Z - OPTIONS /users/getUserByToken - ::1
2024-09-21T04:28:15.490Z - GET /users/getUserByToken - ::1
2024-09-21T04:28:15.551Z - GET /users/getUserByToken - ::1
2024-09-21T04:29:50.595Z - GET /packages - ::1
2024-09-21T04:29:50.665Z - GET /packages - ::1
2024-09-21T04:29:54.068Z - OPTIONS /payment/create-stripe-session - ::1
2024-09-21T04:29:54.071Z - POST /payment/create-stripe-session - ::1
2024-09-21T04:30:11.334Z - OPTIONS /users/getUserByToken - ::1
2024-09-21T04:30:11.335Z - OPTIONS /payment/verify-payment/66ee4bc24e66d99d8e7145f2/cs_test_a1S2i6ZTWMFDSIqjLodMnfH2nX9X91qcsg0Sd8T4xNHbP2dmX2CrFIpnPV - ::1
2024-09-21T04:30:11.337Z - OPTIONS /users/getUserByToken - ::1
2024-09-21T04:30:11.338Z - OPTIONS /payment/verify-payment/66ee4bc24e66d99d8e7145f2/cs_test_a1S2i6ZTWMFDSIqjLodMnfH2nX9X91qcsg0Sd8T4xNHbP2dmX2CrFIpnPV - ::1
2024-09-21T04:30:11.343Z - GET /payment/verify-payment/66ee4bc24e66d99d8e7145f2/cs_test_a1S2i6ZTWMFDSIqjLodMnfH2nX9X91qcsg0Sd8T4xNHbP2dmX2CrFIpnPV - ::1
2024-09-21T04:30:11.345Z - GET /users/getUserByToken - ::1
2024-09-21T04:30:11.404Z - GET /users/getUserByToken - ::1
2024-09-21T04:30:15.739Z - GET /payment/verify-payment/66ee4bc24e66d99d8e7145f2/cs_test_a1S2i6ZTWMFDSIqjLodMnfH2nX9X91qcsg0Sd8T4xNHbP2dmX2CrFIpnPV - ::1
2024-09-21T04:30:15.757Z - GET /packages - ::1
2024-09-21T04:30:15.815Z - GET /packages - ::1
2024-09-21T04:33:57.257Z - OPTIONS /payment/create-stripe-session - ::1
2024-09-21T04:33:57.262Z - POST /payment/create-stripe-session - ::1
2024-09-21T04:34:02.768Z - OPTIONS /users/getUserByToken - ::1
2024-09-21T04:34:02.773Z - OPTIONS /users/getUserByToken - ::1
2024-09-21T04:34:04.700Z - OPTIONS /payment/create-stripe-session - ::1
2024-09-21T04:34:04.703Z - POST /payment/create-stripe-session - ::1
2024-09-21T04:34:04.921Z - POST /payment/create-stripe-session - ::1
2024-09-21T04:34:05.097Z - POST /payment/create-stripe-session - ::1
2024-09-21T04:34:05.267Z - POST /payment/create-stripe-session - ::1
2024-09-21T04:34:05.435Z - POST /payment/create-stripe-session - ::1
2024-09-21T04:34:08.460Z - OPTIONS /users/getUserByToken - ::1
2024-09-21T04:34:08.464Z - OPTIONS /users/getUserByToken - ::1
2024-09-21T04:35:16.004Z - OPTIONS /users/getUserByToken - ::1
2024-09-21T04:35:16.006Z - OPTIONS /users/getUserByToken - ::1
2024-09-21T04:35:16.007Z - GET /packages - ::1
2024-09-21T04:35:16.009Z - GET /users/getUserByToken - ::1
2024-09-21T04:35:16.072Z - GET /users/getUserByToken - ::1
2024-09-21T04:35:16.074Z - GET /packages - ::1
2024-09-21T04:41:40.268Z - OPTIONS /payment/create-stripe-session - ::1
2024-09-21T04:41:40.271Z - POST /payment/create-stripe-session - ::1
2024-09-21T04:41:55.367Z - OPTIONS /users/getUserByToken - ::1
2024-09-21T04:41:55.371Z - OPTIONS /users/getUserByToken - ::1
2024-09-21T04:41:59.287Z - OPTIONS /payment/create-stripe-session - ::1
2024-09-21T04:41:59.290Z - POST /payment/create-stripe-session - ::1
2024-09-21T04:42:02.003Z - OPTIONS /users/getUserByToken - ::1
2024-09-21T04:42:02.006Z - OPTIONS /users/getUserByToken - ::1
2024-09-21T04:42:07.906Z - OPTIONS /payment/create-stripe-session - ::1
2024-09-21T04:42:07.909Z - POST /payment/create-stripe-session - ::1
2024-09-21T04:42:23.576Z - OPTIONS /users/getUserByToken - ::1
2024-09-21T04:42:23.578Z - OPTIONS /users/getUserByToken - ::1
2024-09-21T04:42:25.658Z - OPTIONS /payment/create-stripe-session - ::1
2024-09-21T04:42:25.667Z - POST /payment/create-stripe-session - ::1
2024-09-21T04:42:30.128Z - OPTIONS /users/getUserByToken - ::1
2024-09-21T04:42:30.132Z - OPTIONS /users/getUserByToken - ::1
2024-09-21T04:42:32.180Z - OPTIONS /payment/create-stripe-session - ::1
2024-09-21T04:42:32.188Z - POST /payment/create-stripe-session - ::1
2024-09-21T04:42:46.919Z - OPTIONS /payment/create-stripe-session - ::1
2024-09-21T04:42:46.922Z - POST /payment/create-stripe-session - ::1
2024-09-21T04:42:50.033Z - OPTIONS /users/getUserByToken - ::1
2024-09-21T04:42:50.034Z - GET /packages - ::1
2024-09-21T04:42:50.037Z - OPTIONS /users/getUserByToken - ::1
2024-09-21T04:42:50.040Z - GET /packages - ::1
2024-09-21T04:42:50.042Z - GET /users/getUserByToken - ::1
2024-09-21T04:42:50.044Z - GET /users/getUserByToken - ::1
2024-09-21T04:42:51.713Z - OPTIONS /payment/create-stripe-session - ::1
2024-09-21T04:42:51.715Z - POST /payment/create-stripe-session - ::1
2024-09-21T04:42:54.156Z - OPTIONS /users/getUserByToken - ::1
2024-09-21T04:42:54.157Z - GET /packages - ::1
2024-09-21T04:42:54.159Z - GET /users/getUserByToken - ::1
2024-09-21T04:42:54.161Z - OPTIONS /users/getUserByToken - ::1
2024-09-21T04:42:54.162Z - GET /packages - ::1
2024-09-21T04:42:54.165Z - GET /users/getUserByToken - ::1
2024-09-21T04:42:56.957Z - OPTIONS /payment/create-stripe-session - ::1
2024-09-21T04:42:56.964Z - POST /payment/create-stripe-session - ::1
2024-09-21T04:43:11.700Z - OPTIONS /users/getUserByToken - ::1
2024-09-21T04:43:11.701Z - OPTIONS /payment/verify-payment/66ee4ed1b9ea7ffc6771a2d6/cs_test_a1hwhhmLQvtl2rLz9jHGu7hkI4oE3W6qr4y6eic9dnMPZZLaLbLXUvS1WD - ::1
2024-09-21T04:43:11.702Z - OPTIONS /users/getUserByToken - ::1
2024-09-21T04:43:11.706Z - OPTIONS /payment/verify-payment/66ee4ed1b9ea7ffc6771a2d6/cs_test_a1hwhhmLQvtl2rLz9jHGu7hkI4oE3W6qr4y6eic9dnMPZZLaLbLXUvS1WD - ::1
2024-09-21T04:43:11.708Z - GET /payment/verify-payment/66ee4ed1b9ea7ffc6771a2d6/cs_test_a1hwhhmLQvtl2rLz9jHGu7hkI4oE3W6qr4y6eic9dnMPZZLaLbLXUvS1WD - ::1
2024-09-21T04:43:11.710Z - GET /users/getUserByToken - ::1
2024-09-21T04:43:11.772Z - GET /users/getUserByToken - ::1
2024-09-21T04:43:15.855Z - GET /payment/verify-payment/66ee4ed1b9ea7ffc6771a2d6/cs_test_a1hwhhmLQvtl2rLz9jHGu7hkI4oE3W6qr4y6eic9dnMPZZLaLbLXUvS1WD - ::1
2024-09-21T04:43:15.874Z - GET /packages - ::1
2024-09-21T04:43:15.934Z - GET /packages - ::1
2024-09-21T04:45:17.482Z - OPTIONS /users/getUserByToken - ::1
2024-09-21T04:45:17.486Z - GET /packages - ::1
2024-09-21T04:45:17.492Z - GET /users/getUserByToken - ::1
2024-09-21T04:45:17.494Z - OPTIONS /users/getUserByToken - ::1
2024-09-21T04:45:17.555Z - GET /packages - ::1
2024-09-21T04:45:17.557Z - GET /users/getUserByToken - ::1
2024-09-21T04:45:21.939Z - OPTIONS /payment/create-stripe-session - ::1
2024-09-21T04:45:21.943Z - POST /payment/create-stripe-session - ::1
2024-09-21T04:45:36.638Z - OPTIONS /users/getUserByToken - ::1
2024-09-21T04:45:36.641Z - OPTIONS /payment/verify-payment/66ee4f62735e5daaf5a074d2/cs_test_a1RVpA7Q8Qo4RICmynPSkcfbYkL0dQqnylAkViLOAkv2nJNAIbdbIO6FSL - ::1
2024-09-21T04:45:36.642Z - OPTIONS /users/getUserByToken - ::1
2024-09-21T04:45:36.643Z - OPTIONS /payment/verify-payment/66ee4f62735e5daaf5a074d2/cs_test_a1RVpA7Q8Qo4RICmynPSkcfbYkL0dQqnylAkViLOAkv2nJNAIbdbIO6FSL - ::1
2024-09-21T04:45:36.649Z - GET /payment/verify-payment/66ee4f62735e5daaf5a074d2/cs_test_a1RVpA7Q8Qo4RICmynPSkcfbYkL0dQqnylAkViLOAkv2nJNAIbdbIO6FSL - ::1
2024-09-21T04:45:36.651Z - GET /users/getUserByToken - ::1
2024-09-21T04:45:36.713Z - GET /users/getUserByToken - ::1
2024-09-21T04:45:41.506Z - GET /payment/verify-payment/66ee4f62735e5daaf5a074d2/cs_test_a1RVpA7Q8Qo4RICmynPSkcfbYkL0dQqnylAkViLOAkv2nJNAIbdbIO6FSL - ::1
2024-09-21T04:45:41.527Z - GET /packages - ::1
2024-09-21T04:45:41.587Z - GET /packages - ::1
2024-09-21T05:12:59.136Z - GET /packages - ::1
2024-09-21T05:12:59.210Z - GET /packages - ::1
2024-09-21T05:13:00.305Z - OPTIONS /users/getUserByToken - ::1
2024-09-21T05:13:00.308Z - OPTIONS /users/getUserByToken - ::1
2024-09-21T05:13:00.309Z - GET /packages - ::1
2024-09-21T05:13:00.310Z - GET /users/getUserByToken - ::1
2024-09-21T05:13:00.367Z - GET /users/getUserByToken - ::1
2024-09-21T05:13:00.374Z - GET /packages - ::1
2024-09-21T05:13:06.188Z - GET /packages - ::1
2024-09-21T05:13:06.254Z - GET /packages - ::1
2024-09-21T05:13:09.291Z - OPTIONS /payment/create-stripe-session - ::1
2024-09-21T05:13:09.296Z - POST /payment/create-stripe-session - ::1
2024-09-21T05:13:11.607Z - OPTIONS /users/getUserByToken - ::1
2024-09-21T05:13:11.610Z - OPTIONS /users/getUserByToken - ::1
2024-09-21T05:15:35.670Z - OPTIONS /users/getUserByToken - ::1
2024-09-21T05:15:35.675Z - GET /users/getUserByToken - ::1
2024-09-21T05:15:35.683Z - GET /packages - ::1
2024-09-21T05:15:35.685Z - OPTIONS /users/getUserByToken - ::1
2024-09-21T05:15:35.749Z - GET /packages - ::1
2024-09-21T05:15:35.751Z - GET /users/getUserByToken - ::1
2024-09-21T05:15:58.436Z - OPTIONS /users/getUserByToken - ::1
2024-09-21T05:15:58.437Z - OPTIONS /users/getUserByToken - ::1
2024-09-21T05:15:58.440Z - GET /users/getUserByToken - ::1
2024-09-21T05:15:58.502Z - GET /users/getUserByToken - ::1
2024-09-21T05:17:13.384Z - GET /packages - ::1
2024-09-21T05:17:13.447Z - GET /packages - ::1
2024-09-21T05:17:18.532Z - OPTIONS /users/getUserByToken - ::1
2024-09-21T05:17:18.533Z - OPTIONS /users/getUserByToken - ::1
2024-09-21T05:17:18.536Z - GET /users/getUserByToken - ::1
2024-09-21T05:17:18.597Z - GET /users/getUserByToken - ::1
2024-09-21T05:17:18.613Z - GET /packages - ::1
2024-09-21T05:17:18.676Z - GET /packages - ::1
2024-09-21T05:17:27.845Z - OPTIONS /users/getUserByToken - ::1
2024-09-21T05:17:27.846Z - OPTIONS /users/getUserByToken - ::1
2024-09-21T05:17:27.848Z - GET /users/getUserByToken - ::1
2024-09-21T05:17:27.911Z - GET /users/getUserByToken - ::1
2024-09-21T05:17:36.015Z - OPTIONS /payment - ::1
2024-09-21T05:17:36.016Z - OPTIONS /payment - ::1
2024-09-21T05:17:36.018Z - GET /payment - ::1
2024-09-21T05:17:36.218Z - GET /payment - ::1
2024-09-21T05:17:44.745Z - OPTIONS /users/getUserByToken - ::1
2024-09-21T05:17:44.746Z - OPTIONS /payment - ::1
2024-09-21T05:17:44.747Z - OPTIONS /users/getUserByToken - ::1
2024-09-21T05:17:44.747Z - OPTIONS /payment - ::1
2024-09-21T05:17:44.748Z - GET /users/getUserByToken - ::1
2024-09-21T05:17:44.755Z - GET /payment - ::1
2024-09-21T05:17:44.810Z - GET /users/getUserByToken - ::1
2024-09-21T05:17:44.939Z - GET /payment - ::1
2024-09-21T05:20:07.385Z - OPTIONS /users/getUserByToken - ::1
2024-09-21T05:20:07.390Z - GET /users/getUserByToken - ::1
2024-09-21T05:20:07.399Z - OPTIONS /payment - ::1
2024-09-21T05:20:07.401Z - OPTIONS /users/getUserByToken - ::1
2024-09-21T05:20:07.402Z - GET /payment - ::1
2024-09-21T05:20:07.405Z - OPTIONS /payment - ::1
2024-09-21T05:20:07.466Z - GET /users/getUserByToken - ::1
2024-09-21T05:20:07.605Z - GET /payment - ::1
2024-09-21T05:20:08.951Z - GET /packages - ::1
2024-09-21T05:20:09.013Z - GET /packages - ::1
2024-09-21T05:20:11.358Z - OPTIONS /payment/create-stripe-session - ::1
2024-09-21T05:20:11.361Z - POST /payment/create-stripe-session - ::1
2024-09-21T05:20:23.029Z - OPTIONS /users/getUserByToken - ::1
2024-09-21T05:20:23.030Z - OPTIONS /payment/verify-payment/66ee578bc89b73895914b60e/cs_test_a1TiGrRdJ3W2StwECaHJtZpgLwBrRf377YdLSKiBG3m6HK9fjwETB1oqWc - ::1
2024-09-21T05:20:23.031Z - OPTIONS /users/getUserByToken - ::1
2024-09-21T05:20:23.033Z - OPTIONS /payment/verify-payment/66ee578bc89b73895914b60e/cs_test_a1TiGrRdJ3W2StwECaHJtZpgLwBrRf377YdLSKiBG3m6HK9fjwETB1oqWc - ::1
2024-09-21T05:20:23.037Z - GET /payment/verify-payment/66ee578bc89b73895914b60e/cs_test_a1TiGrRdJ3W2StwECaHJtZpgLwBrRf377YdLSKiBG3m6HK9fjwETB1oqWc - ::1
2024-09-21T05:20:23.041Z - GET /users/getUserByToken - ::1
2024-09-21T05:20:23.102Z - GET /users/getUserByToken - ::1
2024-09-21T05:20:27.436Z - GET /payment/verify-payment/66ee578bc89b73895914b60e/cs_test_a1TiGrRdJ3W2StwECaHJtZpgLwBrRf377YdLSKiBG3m6HK9fjwETB1oqWc - ::1
2024-09-21T05:20:27.461Z - GET /packages - ::1
2024-09-21T05:20:27.520Z - GET /packages - ::1
2024-09-21T05:21:05.192Z - OPTIONS /payment - ::1
2024-09-21T05:21:05.193Z - OPTIONS /payment - ::1
2024-09-21T05:21:05.197Z - GET /payment - ::1
2024-09-21T05:21:05.385Z - GET /payment - ::1
2024-09-21T05:21:35.003Z - OPTIONS /users/getUserByToken - ::1
2024-09-21T05:21:35.009Z - OPTIONS /payment - ::1
2024-09-21T05:21:35.010Z - GET /users/getUserByToken - ::1
2024-09-21T05:21:35.021Z - OPTIONS /users/getUserByToken - ::1
2024-09-21T05:21:35.022Z - GET /payment - ::1
2024-09-21T05:21:35.025Z - OPTIONS /payment - ::1
2024-09-21T05:21:35.086Z - GET /users/getUserByToken - ::1
2024-09-21T05:21:35.216Z - GET /payment - ::1
2024-09-21T05:21:55.057Z - GET /packages - ::1
2024-09-21T05:21:55.113Z - GET /packages - ::1
2024-09-21T05:21:56.825Z - OPTIONS /payment/create-stripe-session - ::1
2024-09-21T05:21:56.829Z - POST /payment/create-stripe-session - ::1
2024-09-21T05:22:01.463Z - OPTIONS /users/getUserByToken - ::1
2024-09-21T05:22:01.467Z - OPTIONS /users/getUserByToken - ::1
2024-09-21T05:22:05.581Z - OPTIONS /payment - ::1
2024-09-21T05:22:05.583Z - OPTIONS /payment - ::1
2024-09-21T05:22:05.585Z - GET /payment - ::1
2024-09-21T05:22:05.759Z - GET /payment - ::1
2024-09-21T05:24:12.060Z - OPTIONS /users/getUserByToken - ::1
2024-09-21T05:24:12.065Z - GET /users/getUserByToken - ::1
2024-09-21T05:24:12.075Z - OPTIONS /payment - ::1
2024-09-21T05:24:12.077Z - OPTIONS /users/getUserByToken - ::1
2024-09-21T05:24:12.078Z - OPTIONS /payment - ::1
2024-09-21T05:24:12.081Z - GET /payment - ::1
2024-09-21T05:24:12.138Z - GET /users/getUserByToken - ::1
2024-09-21T05:24:12.193Z - GET /payment - ::1
2024-09-21T05:25:03.281Z - OPTIONS /users/getUserByToken - ::1
2024-09-21T05:25:03.285Z - OPTIONS /payment - ::1
2024-09-21T05:25:03.287Z - GET /users/getUserByToken - ::1
2024-09-21T05:25:03.294Z - OPTIONS /users/getUserByToken - ::1
2024-09-21T05:25:03.295Z - GET /payment - ::1
2024-09-21T05:25:03.298Z - OPTIONS /payment - ::1
2024-09-21T05:25:03.366Z - GET /users/getUserByToken - ::1
2024-09-21T05:25:03.495Z - GET /payment - ::1
2024-09-21T05:26:27.371Z - OPTIONS /users/getUserByToken - ::1
2024-09-21T05:26:27.376Z - OPTIONS /payment - ::1
2024-09-21T05:26:27.378Z - GET /users/getUserByToken - ::1
2024-09-21T05:26:27.387Z - OPTIONS /users/getUserByToken - ::1
2024-09-21T05:26:27.388Z - GET /payment - ::1
2024-09-21T05:26:27.390Z - OPTIONS /payment - ::1
2024-09-21T05:26:27.453Z - GET /users/getUserByToken - ::1
2024-09-21T05:26:27.584Z - GET /payment - ::1
2024-09-21T05:26:28.454Z - GET /users/getUserByToken - ::1
2024-09-21T05:26:28.458Z - GET /payment - ::1
2024-09-21T05:26:28.516Z - GET /users/getUserByToken - ::1
2024-09-21T05:26:28.637Z - GET /payment - ::1
2024-09-21T05:27:57.835Z - OPTIONS /users/getUserByToken - ::1
2024-09-21T05:27:57.838Z - OPTIONS /payment - ::1
2024-09-21T05:27:57.840Z - GET /users/getUserByToken - ::1
2024-09-21T05:27:57.847Z - OPTIONS /users/getUserByToken - ::1
2024-09-21T05:27:57.848Z - GET /payment - ::1
2024-09-21T05:27:57.850Z - OPTIONS /payment - ::1
2024-09-21T05:27:57.910Z - GET /users/getUserByToken - ::1
2024-09-21T05:27:58.027Z - GET /payment - ::1
2024-09-21T05:31:41.971Z - OPTIONS /users/getUserByToken - ::1
2024-09-21T05:31:41.976Z - OPTIONS /payment - ::1
2024-09-21T05:31:41.977Z - GET /users/getUserByToken - ::1
2024-09-21T05:31:41.984Z - OPTIONS /users/getUserByToken - ::1
2024-09-21T05:31:41.985Z - GET /payment - ::1
2024-09-21T05:31:41.988Z - OPTIONS /payment - ::1
2024-09-21T05:31:42.049Z - GET /users/getUserByToken - ::1
2024-09-21T05:31:42.109Z - GET /payment - ::1
2024-09-21T05:31:44.496Z - GET /packages - ::1
2024-09-21T05:31:44.557Z - GET /packages - ::1
2024-09-21T05:31:46.750Z - OPTIONS /payment/create-stripe-session - ::1
2024-09-21T05:31:46.753Z - POST /payment/create-stripe-session - ::1
2024-09-21T05:31:58.725Z - OPTIONS /users/getUserByToken - ::1
2024-09-21T05:31:58.726Z - OPTIONS /payment/verify-payment/66ee5a42cd5d417eccaaf8fd/cs_test_a1LozFFaoY5mRe4oqkP5KMEON3m7D89sVc9kDonKxhfcKjtC3SMUedsDfx - ::1
2024-09-21T05:31:58.727Z - OPTIONS /users/getUserByToken - ::1
2024-09-21T05:31:58.728Z - OPTIONS /payment/verify-payment/66ee5a42cd5d417eccaaf8fd/cs_test_a1LozFFaoY5mRe4oqkP5KMEON3m7D89sVc9kDonKxhfcKjtC3SMUedsDfx - ::1
2024-09-21T05:31:58.733Z - GET /payment/verify-payment/66ee5a42cd5d417eccaaf8fd/cs_test_a1LozFFaoY5mRe4oqkP5KMEON3m7D89sVc9kDonKxhfcKjtC3SMUedsDfx - ::1
2024-09-21T05:31:58.737Z - GET /users/getUserByToken - ::1
2024-09-21T05:31:58.799Z - GET /users/getUserByToken - ::1
2024-09-21T05:32:03.122Z - GET /payment/verify-payment/66ee5a42cd5d417eccaaf8fd/cs_test_a1LozFFaoY5mRe4oqkP5KMEON3m7D89sVc9kDonKxhfcKjtC3SMUedsDfx - ::1
2024-09-21T05:32:03.144Z - GET /packages - ::1
2024-09-21T05:32:03.205Z - GET /packages - ::1
2024-09-21T05:32:06.019Z - OPTIONS /payment - ::1
2024-09-21T05:32:06.021Z - OPTIONS /payment - ::1
2024-09-21T05:32:06.023Z - GET /payment - ::1
2024-09-21T05:32:06.206Z - GET /payment - ::1
2024-09-21T05:33:01.123Z - GET /packages - ::1
2024-09-21T05:33:01.185Z - GET /packages - ::1
2024-09-21T05:33:02.846Z - OPTIONS /payment/create-stripe-session - ::1
2024-09-21T05:33:02.850Z - POST /payment/create-stripe-session - ::1
2024-09-21T05:33:05.696Z - OPTIONS /users/getUserByToken - ::1
2024-09-21T05:33:05.700Z - OPTIONS /users/getUserByToken - ::1
2024-09-21T05:33:09.247Z - OPTIONS /payment - ::1
2024-09-21T05:33:09.249Z - OPTIONS /payment - ::1
2024-09-21T05:33:09.250Z - GET /payment - ::1
2024-09-21T05:33:09.430Z - GET /payment - ::1
2024-09-21T05:33:13.753Z - GET /packages - ::1
2024-09-21T05:33:13.814Z - GET /packages - ::1
2024-09-21T05:33:16.295Z - OPTIONS /payment/create-stripe-session - ::1
2024-09-21T05:33:16.298Z - POST /payment/create-stripe-session - ::1
2024-09-21T05:33:31.081Z - OPTIONS /users/getUserByToken - ::1
2024-09-21T05:33:31.082Z - OPTIONS /payment/verify-payment/66ee5a9ccd5d417eccaaf92b/cs_test_a18K8AkrQsEQ9YE9mtkJU4D5tzwR7JByexJjZVPLSxKi3PLr36ZE07sAxz - ::1
2024-09-21T05:33:31.083Z - OPTIONS /users/getUserByToken - ::1
2024-09-21T05:33:31.084Z - OPTIONS /payment/verify-payment/66ee5a9ccd5d417eccaaf92b/cs_test_a18K8AkrQsEQ9YE9mtkJU4D5tzwR7JByexJjZVPLSxKi3PLr36ZE07sAxz - ::1
2024-09-21T05:33:31.090Z - GET /payment/verify-payment/66ee5a9ccd5d417eccaaf92b/cs_test_a18K8AkrQsEQ9YE9mtkJU4D5tzwR7JByexJjZVPLSxKi3PLr36ZE07sAxz - ::1
2024-09-21T05:33:31.092Z - GET /users/getUserByToken - ::1
2024-09-21T05:33:31.152Z - GET /users/getUserByToken - ::1
2024-09-21T05:33:35.479Z - GET /payment/verify-payment/66ee5a9ccd5d417eccaaf92b/cs_test_a18K8AkrQsEQ9YE9mtkJU4D5tzwR7JByexJjZVPLSxKi3PLr36ZE07sAxz - ::1
2024-09-21T05:33:35.501Z - OPTIONS /payment - ::1
2024-09-21T05:33:35.502Z - OPTIONS /payment - ::1
2024-09-21T05:33:35.506Z - GET /payment - ::1
2024-09-21T05:33:35.686Z - GET /payment - ::1
2024-09-21T05:33:49.868Z - GET /packages - ::1
2024-09-21T05:33:49.931Z - GET /packages - ::1
2024-09-21T05:33:53.603Z - GET /packages - ::1
2024-09-21T05:33:53.664Z - GET /packages - ::1
2024-09-21T05:33:55.714Z - OPTIONS /payment - ::1
2024-09-21T05:33:55.718Z - OPTIONS /payment - ::1
2024-09-21T05:33:55.719Z - GET /payment - ::1
2024-09-21T05:33:55.901Z - GET /payment - ::1
2024-09-21T05:35:07.619Z - GET /packages - ::1
2024-09-21T05:35:07.679Z - GET /packages - ::1
2024-09-21T05:35:13.086Z - OPTIONS /payment - ::1
2024-09-21T05:35:13.088Z - OPTIONS /payment - ::1
2024-09-21T05:35:13.092Z - GET /payment - ::1
2024-09-21T05:35:13.271Z - GET /payment - ::1
2024-09-21T05:38:11.672Z - OPTIONS /users/getUserByToken - ::1
2024-09-21T05:38:11.676Z - OPTIONS /payment - ::1
2024-09-21T05:38:11.677Z - GET /users/getUserByToken - ::1
2024-09-21T05:38:11.685Z - OPTIONS /users/getUserByToken - ::1
2024-09-21T05:38:11.686Z - GET /payment - ::1
2024-09-21T05:38:11.688Z - OPTIONS /payment - ::1
2024-09-21T05:38:11.746Z - GET /users/getUserByToken - ::1
2024-09-21T05:38:11.914Z - GET /payment - ::1
2024-09-21T05:38:22.701Z - OPTIONS /users/getUserByToken - ::1
2024-09-21T05:38:22.705Z - OPTIONS /payment - ::1
2024-09-21T05:38:22.706Z - OPTIONS /users/getUserByToken - ::1
2024-09-21T05:38:22.707Z - GET /users/getUserByToken - ::1
2024-09-21T05:38:22.715Z - OPTIONS /payment - ::1
2024-09-21T05:38:22.716Z - GET /payment - ::1
2024-09-21T05:38:22.792Z - GET /users/getUserByToken - ::1
2024-09-21T05:38:23.389Z - GET /payment - ::1
2024-09-21T05:38:33.300Z - GET /packages - ::1
2024-09-21T05:38:33.370Z - GET /packages - ::1
2024-09-21T05:38:34.935Z - OPTIONS /payment/create-stripe-session - ::1
2024-09-21T05:38:34.939Z - POST /payment/create-stripe-session - ::1
2024-09-21T05:38:37.043Z - OPTIONS /users/getUserByToken - ::1
2024-09-21T05:38:37.047Z - OPTIONS /users/getUserByToken - ::1
2024-09-21T05:38:38.783Z - POST /payment/create-stripe-session - ::1
2024-09-21T05:38:44.439Z - OPTIONS /payment - ::1
2024-09-21T05:38:44.440Z - OPTIONS /payment - ::1
2024-09-21T05:38:44.442Z - GET /payment - ::1
2024-09-21T05:38:44.687Z - GET /payment - ::1
2024-09-21T05:38:49.996Z - OPTIONS /users/getUserByToken - ::1
2024-09-21T05:38:49.997Z - OPTIONS /payment - ::1
2024-09-21T05:38:49.998Z - OPTIONS /users/getUserByToken - ::1
2024-09-21T05:38:49.999Z - OPTIONS /payment - ::1
2024-09-21T05:38:50.005Z - GET /users/getUserByToken - ::1
2024-09-21T05:38:50.008Z - GET /payment - ::1
2024-09-21T05:38:50.066Z - GET /users/getUserByToken - ::1
2024-09-21T05:38:50.241Z - GET /payment - ::1
2024-09-21T05:38:51.752Z - GET /packages - ::1
2024-09-21T05:38:51.812Z - GET /packages - ::1
2024-09-21T05:38:53.483Z - GET /packages - ::1
2024-09-21T05:38:53.543Z - GET /packages - ::1
2024-09-21T05:39:43.408Z - GET /packages - ::1
2024-09-21T05:39:43.468Z - GET /packages - ::1
2024-09-21T05:39:46.331Z - OPTIONS /payment - ::1
2024-09-21T05:39:46.332Z - OPTIONS /payment - ::1
2024-09-21T05:39:46.334Z - GET /payment - ::1
2024-09-21T05:39:46.570Z - GET /payment - ::1
2024-09-21T05:39:55.587Z - GET /packages - ::1
2024-09-21T05:39:55.648Z - GET /packages - ::1
2024-09-21T05:39:58.106Z - GET /packages - ::1
2024-09-21T05:39:58.165Z - GET /packages - ::1
2024-09-21T05:40:00.766Z - OPTIONS /payment - ::1
2024-09-21T05:40:00.768Z - OPTIONS /payment - ::1
2024-09-21T05:40:00.770Z - GET /payment - ::1
2024-09-21T05:40:01.006Z - GET /payment - ::1
2024-09-21T05:41:13.612Z - OPTIONS /users/getUserByToken - ::1
2024-09-21T05:41:13.616Z - GET /users/getUserByToken - ::1
2024-09-21T05:41:13.676Z - GET /users/getUserByToken - ::1
2024-09-21T05:41:18.526Z - GET /users/getUserByToken - ::1
2024-09-21T05:41:18.587Z - GET /users/getUserByToken - ::1
2024-09-21T05:41:27.215Z - OPTIONS /users/getUserByToken - ::1
2024-09-21T05:41:27.217Z - GET /users/getUserByToken - ::1
2024-09-21T05:41:27.279Z - GET /users/getUserByToken - ::1
2024-09-21T05:41:28.708Z - GET /users/getUserByToken - ::1
2024-09-21T05:41:28.769Z - GET /users/getUserByToken - ::1
2024-09-21T05:41:30.522Z - GET /users/getUserByToken - ::1
2024-09-21T05:41:30.583Z - GET /users/getUserByToken - ::1
2024-09-21T05:41:34.215Z - GET /packages - ::1
2024-09-21T05:41:34.275Z - GET /packages - ::1
2024-09-21T05:41:36.865Z - GET /packages - ::1
2024-09-21T05:41:36.924Z - GET /packages - ::1
2024-09-21T05:41:47.732Z - GET /packages - ::1
2024-09-21T05:41:47.792Z - GET /packages - ::1
2024-09-21T05:43:55.302Z - GET /packages - ::1
2024-09-21T05:43:55.363Z - GET /packages - ::1
2024-09-21T05:43:57.344Z - OPTIONS /users/getUserByToken - ::1
2024-09-21T05:43:57.348Z - GET /users/getUserByToken - ::1
2024-09-21T05:43:57.409Z - GET /users/getUserByToken - ::1
2024-09-21T05:43:58.556Z - GET /users/getUserByToken - ::1
2024-09-21T05:43:58.618Z - GET /users/getUserByToken - ::1
2024-09-21T05:43:58.795Z - GET /users/getUserByToken - ::1
2024-09-21T05:43:58.856Z - GET /users/getUserByToken - ::1
2024-09-21T05:43:58.971Z - GET /users/getUserByToken - ::1
2024-09-21T05:43:59.033Z - GET /users/getUserByToken - ::1
2024-09-21T05:44:00.412Z - GET /packages - ::1
2024-09-21T05:44:00.494Z - GET /packages - ::1
2024-09-21T05:44:43.627Z - OPTIONS /users/getUserByToken - ::1
2024-09-21T05:44:43.631Z - GET /users/getUserByToken - ::1
2024-09-21T05:44:43.692Z - GET /users/getUserByToken - ::1
2024-09-21T05:46:17.136Z - OPTIONS /users/getUserByToken - ::1
2024-09-21T05:46:17.139Z - GET /users/getUserByToken - ::1
2024-09-21T05:46:17.201Z - GET /users/getUserByToken - ::1
2024-09-21T05:46:17.362Z - GET /users/getUserByToken - ::1
2024-09-21T05:46:17.423Z - GET /users/getUserByToken - ::1
2024-09-21T05:46:17.549Z - GET /users/getUserByToken - ::1
2024-09-21T05:46:17.609Z - GET /users/getUserByToken - ::1
2024-09-21T05:46:17.728Z - GET /users/getUserByToken - ::1
2024-09-21T05:46:17.789Z - GET /users/getUserByToken - ::1
2024-09-21T05:46:17.948Z - GET /users/getUserByToken - ::1
2024-09-21T05:46:18.009Z - GET /users/getUserByToken - ::1
2024-09-21T05:46:50.582Z - GET /packages - ::1
2024-09-21T05:46:50.643Z - GET /packages - ::1
2024-09-21T05:46:53.153Z - GET /packages - ::1
2024-09-21T05:46:53.214Z - GET /packages - ::1
2024-09-21T05:46:54.916Z - GET /packages - ::1
2024-09-21T05:46:54.977Z - GET /packages - ::1
2024-09-21T05:46:58.813Z - GET /packages - ::1
2024-09-21T05:46:58.872Z - GET /packages - ::1
2024-09-21T05:47:02.651Z - GET /packages - ::1
2024-09-21T05:47:02.711Z - GET /packages - ::1
2024-09-21T05:47:05.945Z - GET /packages - ::1
2024-09-21T05:47:06.005Z - GET /packages - ::1
2024-09-21T05:47:08.639Z - GET /packages - ::1
2024-09-21T05:47:08.699Z - GET /packages - ::1
2024-09-21T05:47:10.953Z - GET /packages - ::1
2024-09-21T05:47:11.014Z - GET /packages - ::1
2024-09-21T05:47:12.761Z - GET /packages - ::1
2024-09-21T05:47:12.822Z - GET /packages - ::1
2024-09-21T05:47:15.029Z - GET /packages - ::1
2024-09-21T05:47:15.088Z - GET /packages - ::1
2024-09-21T05:51:56.403Z - OPTIONS /users/getUserByToken - ::1
2024-09-21T05:51:56.404Z - OPTIONS /users/getUserByToken - ::1
2024-09-21T05:51:56.409Z - GET /users/getUserByToken - ::1
2024-09-21T05:51:56.411Z - GET /users/getUserByToken - ::1
2024-09-21T05:56:10.196Z - OPTIONS /users/getUserByToken - ::1
2024-09-21T05:56:10.198Z - OPTIONS /users/getUserByToken - ::1
2024-09-21T05:56:10.204Z - GET /users/getUserByToken - ::1
2024-09-21T05:56:10.206Z - GET /users/getUserByToken - ::1
2024-09-21T05:56:16.328Z - OPTIONS /users/getUserByToken - ::1
2024-09-21T05:56:16.330Z - OPTIONS /users/getUserByToken - ::1
2024-09-21T05:56:16.331Z - GET /users/getUserByToken - ::1
2024-09-21T05:56:16.334Z - GET /users/getUserByToken - ::1
2024-09-21T05:57:25.977Z - OPTIONS /resetPassword - ::1
2024-09-21T05:57:25.980Z - POST /resetPassword - ::1
2024-09-21T05:57:41.692Z - OPTIONS /users/resetPassword - ::1
2024-09-21T05:57:41.696Z - POST /users/resetPassword - ::1
2024-09-21T05:58:14.224Z - OPTIONS /users/resetPassword - ::1
2024-09-21T05:58:14.229Z - POST /users/resetPassword - ::1
2024-09-21T06:00:54.422Z - OPTIONS /users/resetPassword - ::1
2024-09-21T06:00:54.427Z - POST /users/resetPassword - ::1
2024-09-21T06:01:38.271Z - OPTIONS /users/resetPassword - ::1
2024-09-21T06:01:38.276Z - POST /users/resetPassword - ::1
2024-09-21T06:01:47.484Z - OPTIONS /users/resetPassword - ::1
2024-09-21T06:01:47.489Z - POST /users/resetPassword - ::1
2024-09-21T06:01:52.935Z - OPTIONS /users/resetPassword - ::1
2024-09-21T06:01:52.938Z - POST /users/resetPassword - ::1
2024-09-21T06:03:29.031Z - OPTIONS /users/resetPassword - ::1
2024-09-21T06:03:29.036Z - POST /users/resetPassword - ::1
2024-09-21T06:03:36.330Z - OPTIONS /users/resetPassword - ::1
2024-09-21T06:03:36.334Z - POST /users/resetPassword - ::1
2024-09-21T06:04:25.083Z - OPTIONS /users/resetPassword - ::1
2024-09-21T06:04:25.088Z - POST /users/resetPassword - ::1
2024-09-21T06:04:49.121Z - OPTIONS /users/resetPassword - ::1
2024-09-21T06:04:49.125Z - POST /users/resetPassword - ::1
2024-09-21T06:05:51.509Z - OPTIONS /users/resetPassword - ::1
2024-09-21T06:05:51.515Z - POST /users/resetPassword - ::1
2024-09-21T06:05:54.492Z - OPTIONS /users/resetPassword - ::1
2024-09-21T06:05:54.495Z - POST /users/resetPassword - ::1
2024-09-21T06:05:54.859Z - OPTIONS /users/resetPassword - ::1
2024-09-21T06:05:54.862Z - POST /users/resetPassword - ::1
2024-09-21T06:05:55.164Z - OPTIONS /users/resetPassword - ::1
2024-09-21T06:05:55.167Z - POST /users/resetPassword - ::1
2024-09-21T06:05:55.335Z - OPTIONS /users/resetPassword - ::1
2024-09-21T06:05:55.338Z - POST /users/resetPassword - ::1
2024-09-21T06:05:55.494Z - OPTIONS /users/resetPassword - ::1
2024-09-21T06:05:55.497Z - POST /users/resetPassword - ::1
2024-09-21T06:05:55.637Z - OPTIONS /users/resetPassword - ::1
2024-09-21T06:05:55.640Z - POST /users/resetPassword - ::1
2024-09-21T06:05:58.827Z - OPTIONS /users/resetPassword - ::1
2024-09-21T06:05:58.830Z - POST /users/resetPassword - ::1
2024-09-21T06:07:00.318Z - OPTIONS /users/resetPassword - ::1
2024-09-21T06:07:00.322Z - POST /users/resetPassword - ::1
2024-09-21T06:07:01.290Z - OPTIONS /users/resetPassword - ::1
2024-09-21T06:07:01.293Z - POST /users/resetPassword - ::1
2024-09-21T06:07:02.463Z - OPTIONS /users/resetPassword - ::1
2024-09-21T06:07:02.465Z - POST /users/resetPassword - ::1
2024-09-21T06:07:02.980Z - OPTIONS /users/resetPassword - ::1
2024-09-21T06:07:02.983Z - POST /users/resetPassword - ::1
2024-09-21T06:08:45.494Z - OPTIONS /users/resetPassword - ::1
2024-09-21T06:08:45.500Z - POST /users/resetPassword - ::1
2024-09-21T06:09:49.705Z - OPTIONS /users/resetPassword - ::1
2024-09-21T06:09:49.713Z - POST /users/resetPassword - ::1
2024-09-21T06:10:24.591Z - OPTIONS /users/resetPassword - ::1
2024-09-21T06:10:24.595Z - POST /users/resetPassword - ::1
2024-09-21T06:11:43.821Z - OPTIONS /users/resetPassword - ::1
2024-09-21T06:11:43.824Z - POST /users/resetPassword - ::1
2024-09-21T06:12:27.911Z - OPTIONS /users/resetPassword - ::1
2024-09-21T06:12:27.915Z - POST /users/resetPassword - ::1
2024-09-21T06:12:32.129Z - OPTIONS /users/resetPassword - ::1
2024-09-21T06:12:32.132Z - POST /users/resetPassword - ::1
2024-09-21T06:12:58.806Z - OPTIONS /users/resetPassword - ::1
2024-09-21T06:12:58.809Z - POST /users/resetPassword - ::1
2024-09-21T06:13:12.051Z - OPTIONS /users/resetPassword - ::1
2024-09-21T06:13:12.055Z - POST /users/resetPassword - ::1
2024-09-21T06:13:26.269Z - OPTIONS /users/resetPassword - ::1
2024-09-21T06:13:26.274Z - POST /users/resetPassword - ::1
2024-09-21T06:13:33.288Z - OPTIONS /users/resetPassword - ::1
2024-09-21T06:13:33.292Z - POST /users/resetPassword - ::1
2024-09-21T06:13:44.437Z - OPTIONS /users - ::1
2024-09-21T06:13:44.441Z - POST /users - ::1
2024-09-21T06:14:05.316Z - OPTIONS /users/resetPassword - ::1
2024-09-21T06:14:05.322Z - POST /users/resetPassword - ::1
2024-09-21T06:14:19.256Z - OPTIONS /users - ::1
2024-09-21T06:14:19.260Z - POST /users - ::1
2024-09-21T06:14:24.393Z - OPTIONS /users - ::1
2024-09-21T06:14:24.396Z - POST /users - ::1
2024-09-21T06:14:40.365Z - OPTIONS /payment - ::1
2024-09-21T06:14:40.367Z - OPTIONS /payment - ::1
2024-09-21T06:14:40.372Z - GET /payment - ::1
2024-09-21T06:14:40.375Z - GET /payment - ::1
2024-09-21T06:42:26.123Z - OPTIONS /users/register - ::1
2024-09-21T06:42:26.128Z - POST /users/register - ::1
2024-09-21T06:42:54.249Z - OPTIONS /users/getUserByToken - ::1
2024-09-21T06:42:54.251Z - OPTIONS /users/verify - ::1
2024-09-21T06:42:54.254Z - OPTIONS /users/getUserByToken - ::1
2024-09-21T06:42:54.256Z - POST /users/verify - ::1
2024-09-21T06:42:54.260Z - OPTIONS /users/verify - ::1
2024-09-21T06:42:54.262Z - GET /users/getUserByToken - ::1
2024-09-21T06:42:54.265Z - POST /users/verify - ::1
2024-09-21T06:42:54.319Z - GET /users/getUserByToken - ::1
2024-09-21T06:42:54.555Z - GET /packages - ::1
2024-09-21T06:42:54.621Z - GET /packages - ::1
2024-09-21T06:43:03.040Z - GET /packages - ::1
2024-09-21T06:43:03.103Z - GET /packages - ::1
2024-09-21T06:43:05.444Z - GET /packages - ::1
2024-09-21T06:43:05.509Z - GET /packages - ::1
2024-09-21T06:47:37.324Z - OPTIONS /payment - ::1
2024-09-21T06:47:37.330Z - OPTIONS /payment - ::1
2024-09-21T06:47:37.333Z - GET /payment - ::1
2024-09-21T06:47:37.524Z - GET /payment - ::1
2024-09-21T06:47:39.218Z - OPTIONS /users/getUserByToken - ::1
2024-09-21T06:47:39.219Z - OPTIONS /users/getUserByToken - ::1
2024-09-21T06:47:39.220Z - GET /payment - ::1
2024-09-21T06:47:39.224Z - GET /users/getUserByToken - ::1
2024-09-21T06:47:39.279Z - GET /users/getUserByToken - ::1
2024-09-21T06:47:39.402Z - GET /payment - ::1
2024-09-21T06:47:40.057Z - GET /users/getUserByToken - ::1
2024-09-21T06:47:40.060Z - GET /payment - ::1
2024-09-21T06:47:40.119Z - GET /users/getUserByToken - ::1
2024-09-21T06:47:40.215Z - GET /payment - ::1
2024-09-21T06:49:39.738Z - OPTIONS /payment - ::1
2024-09-21T06:49:39.739Z - OPTIONS /payment - ::1
2024-09-21T06:49:39.742Z - GET /payment - ::1
2024-09-21T06:49:39.896Z - GET /payment - ::1
2024-09-21T06:49:52.624Z - GET /packages - ::1
2024-09-21T06:49:52.677Z - GET /packages - ::1
2024-09-21T08:49:32.568Z - GET /packages - ::1
2024-09-21T08:49:32.640Z - GET /packages - ::1
2024-09-21T08:49:33.906Z - GET /packages - ::1
2024-09-21T08:49:33.965Z - GET /packages - ::1
2024-09-21T08:52:54.020Z - OPTIONS /forgetPassword - ::1
2024-09-21T08:52:54.024Z - POST /forgetPassword - ::1
2024-09-21T08:53:04.841Z - OPTIONS /users/forgetPassword - ::1
2024-09-21T08:53:04.843Z - POST /users/forgetPassword - ::1
2024-09-21T08:54:21.715Z - OPTIONS /users/forgetPassword - ::1
2024-09-21T08:54:21.720Z - POST /users/forgetPassword - ::1
2024-09-21T08:55:06.781Z - OPTIONS /users/forgetPassword - ::1
2024-09-21T08:55:06.785Z - POST /users/forgetPassword - ::1
2024-09-21T08:55:28.731Z - OPTIONS /users/forgetPassword - ::1
2024-09-21T08:55:28.736Z - POST /users/forgetPassword - ::1
2024-09-21T08:56:10.682Z - OPTIONS /users/forgetPassword - ::1
2024-09-21T08:56:10.686Z - POST /users/forgetPassword - ::1
2024-09-21T08:58:02.793Z - OPTIONS /users/forgetPassword - ::1
2024-09-21T08:58:02.798Z - POST /users/forgetPassword - ::1
2024-09-21T09:10:54.187Z - OPTIONS /users/verifyResetLink - ::1
2024-09-21T09:10:54.192Z - POST /users/verifyResetLink - ::1
2024-09-21T09:13:03.137Z - OPTIONS /users/verifyResetLink - ::1
2024-09-21T09:13:03.142Z - OPTIONS /users/verifyResetLink - ::1
2024-09-21T09:13:03.144Z - POST /users/verifyResetLink - ::1
2024-09-21T09:13:03.152Z - POST /users/verifyResetLink - ::1
2024-09-21T09:13:19.512Z - OPTIONS /users/verifyResetLink - ::1
2024-09-21T09:13:19.517Z - POST /users/verifyResetLink - ::1
2024-09-21T09:13:19.525Z - OPTIONS /users/verifyResetLink - ::1
2024-09-21T09:13:19.528Z - POST /users/verifyResetLink - ::1
2024-09-21T09:17:57.141Z - OPTIONS /users/verifyResetLink - ::1
2024-09-21T09:17:57.145Z - OPTIONS /users/verifyResetLink - ::1
2024-09-21T09:17:57.146Z - POST /users/verifyResetLink - ::1
2024-09-21T09:17:57.159Z - POST /users/verifyResetLink - ::1
2024-09-21T09:20:27.913Z - OPTIONS /users/verifyResetLink - ::1
2024-09-21T09:20:27.918Z - OPTIONS /users/verifyResetLink - ::1
2024-09-21T09:20:27.919Z - POST /users/verifyResetLink - ::1
2024-09-21T09:20:27.932Z - POST /users/verifyResetLink - ::1
2024-09-21T09:20:58.222Z - OPTIONS /users/verifyResetLink - ::1
2024-09-21T09:20:58.226Z - OPTIONS /users/verifyResetLink - ::1
2024-09-21T09:20:58.227Z - POST /users/verifyResetLink - ::1
2024-09-21T09:20:58.246Z - POST /users/verifyResetLink - ::1
2024-09-21T09:21:00.363Z - POST /users/verifyResetLink - ::1
2024-09-21T09:21:00.365Z - POST /users/verifyResetLink - ::1
2024-09-21T09:21:02.945Z - POST /users/verifyResetLink - ::1
2024-09-21T09:21:02.948Z - POST /users/verifyResetLink - ::1
2024-09-21T09:21:03.616Z - OPTIONS /users/verifyResetLink - ::1
2024-09-21T09:21:03.618Z - OPTIONS /users/verifyResetLink - ::1
2024-09-21T09:21:03.619Z - POST /users/verifyResetLink - ::1
2024-09-21T09:21:03.622Z - POST /users/verifyResetLink - ::1
2024-09-21T09:21:04.310Z - POST /users/verifyResetLink - ::1
2024-09-21T09:21:04.312Z - POST /users/verifyResetLink - ::1
2024-09-21T09:21:04.833Z - POST /users/verifyResetLink - ::1
2024-09-21T09:21:04.835Z - POST /users/verifyResetLink - ::1
2024-09-21T09:21:05.411Z - POST /users/verifyResetLink - ::1
2024-09-21T09:21:05.414Z - POST /users/verifyResetLink - ::1
2024-09-21T09:21:06.181Z - POST /users/verifyResetLink - ::1
2024-09-21T09:21:06.184Z - POST /users/verifyResetLink - ::1
2024-09-21T09:21:06.828Z - POST /users/verifyResetLink - ::1
2024-09-21T09:21:06.830Z - POST /users/verifyResetLink - ::1
2024-09-21T09:21:07.391Z - POST /users/verifyResetLink - ::1
2024-09-21T09:21:07.394Z - POST /users/verifyResetLink - ::1
2024-09-21T09:21:18.505Z - OPTIONS /users/verifyResetLink - ::1
2024-09-21T09:21:18.509Z - OPTIONS /users/verifyResetLink - ::1
2024-09-21T09:21:18.511Z - POST /users/verifyResetLink - ::1
2024-09-21T09:21:18.527Z - POST /users/verifyResetLink - ::1
2024-09-21T09:21:19.355Z - POST /users/verifyResetLink - ::1
2024-09-21T09:21:19.358Z - POST /users/verifyResetLink - ::1
2024-09-21T09:21:20.146Z - POST /users/verifyResetLink - ::1
2024-09-21T09:21:20.149Z - POST /users/verifyResetLink - ::1
2024-09-21T09:21:20.745Z - POST /users/verifyResetLink - ::1
2024-09-21T09:21:20.748Z - POST /users/verifyResetLink - ::1
2024-09-21T09:23:24.571Z - OPTIONS /users/verifyResetLink - ::1
2024-09-21T09:23:24.575Z - POST /users/verifyResetLink - ::1
2024-09-21T09:23:26.344Z - POST /users/verifyResetLink - ::1
2024-09-21T09:23:26.347Z - POST /users/verifyResetLink - ::1
2024-09-21T09:24:01.357Z - OPTIONS /users/verifyResetLink - ::1
2024-09-21T09:24:01.358Z - OPTIONS /users/verifyResetLink - ::1
2024-09-21T09:24:01.361Z - POST /users/verifyResetLink - ::1
2024-09-21T09:24:01.363Z - POST /users/verifyResetLink - ::1
2024-09-21T09:24:34.180Z - OPTIONS /users/verifyResetLink - ::1
2024-09-21T09:24:34.183Z - POST /users/verifyResetLink - ::1
2024-09-21T09:24:36.044Z - POST /users/verifyResetLink - ::1
2024-09-21T09:24:36.046Z - POST /users/verifyResetLink - ::1
2024-09-21T09:25:47.156Z - OPTIONS /users/verifyResetLink - ::1
2024-09-21T09:25:47.157Z - OPTIONS /users/verifyResetLink - ::1
2024-09-21T09:25:47.161Z - POST /users/verifyResetLink - ::1
2024-09-21T09:25:47.162Z - POST /users/verifyResetLink - ::1
2024-09-21T09:26:07.809Z - OPTIONS /users/verifyResetLink - ::1
2024-09-21T09:26:07.811Z - POST /users/verifyResetLink - ::1
2024-09-21T09:26:27.753Z - OPTIONS /users/verifyResetLink - ::1
2024-09-21T09:26:27.756Z - POST /users/verifyResetLink - ::1
2024-09-21T09:26:29.837Z - POST /users/verifyResetLink - ::1
2024-09-21T09:26:29.840Z - POST /users/verifyResetLink - ::1
2024-09-21T09:26:39.117Z - OPTIONS /users/verifyResetLink - ::1
2024-09-21T09:26:39.120Z - POST /users/verifyResetLink - ::1
2024-09-21T09:26:41.720Z - POST /users/verifyResetLink - ::1
2024-09-21T09:26:41.722Z - POST /users/verifyResetLink - ::1
2024-09-21T09:27:38.533Z - OPTIONS /users/verifyResetLink - ::1
2024-09-21T09:27:38.536Z - POST /users/verifyResetLink - ::1
2024-09-21T09:28:00.501Z - OPTIONS /users/verifyResetLink - ::1
2024-09-21T09:28:00.506Z - POST /users/verifyResetLink - ::1
2024-09-21T09:28:43.911Z - OPTIONS /users/verifyResetLink - ::1
2024-09-21T09:28:43.913Z - POST /users/verifyResetLink - ::1
2024-09-21T09:28:52.234Z - OPTIONS /users/verifyResetLink - ::1
2024-09-21T09:28:52.236Z - POST /users/verifyResetLink - ::1
2024-09-21T09:29:00.715Z - OPTIONS /users/verifyResetLink - ::1
2024-09-21T09:29:00.717Z - OPTIONS /users/verifyResetLink - ::1
2024-09-21T09:29:00.719Z - POST /users/verifyResetLink - ::1
2024-09-21T09:29:00.720Z - POST /users/verifyResetLink - ::1
2024-09-21T09:29:01.780Z - POST /users/verifyResetLink - ::1
2024-09-21T09:29:01.782Z - POST /users/verifyResetLink - ::1
2024-09-21T09:33:29.351Z - OPTIONS /users/verifyResetLink - ::1
2024-09-21T09:33:29.356Z - OPTIONS /users/verifyResetLink - ::1
2024-09-21T09:33:29.357Z - POST /users/verifyResetLink - ::1
2024-09-21T09:33:29.372Z - POST /users/verifyResetLink - ::1
2024-09-21T09:33:30.733Z - POST /users/verifyResetLink - ::1
2024-09-21T09:33:30.737Z - POST /users/verifyResetLink - ::1
2024-09-21T09:33:31.668Z - POST /users/verifyResetLink - ::1
2024-09-21T09:33:31.670Z - POST /users/verifyResetLink - ::1
2024-09-21T09:34:39.170Z - OPTIONS /users/verifyResetLink - ::1
2024-09-21T09:34:39.175Z - OPTIONS /users/verifyResetLink - ::1
2024-09-21T09:34:39.176Z - POST /users/verifyResetLink - ::1
2024-09-21T09:34:39.191Z - POST /users/verifyResetLink - ::1
2024-09-21T09:34:46.565Z - OPTIONS /users/forgetPassword - ::1
2024-09-21T09:34:46.568Z - POST /users/forgetPassword - ::1
2024-09-21T09:35:02.218Z - OPTIONS /users/verifyResetLink - ::1
2024-09-21T09:35:02.219Z - OPTIONS /users/verifyResetLink - ::1
2024-09-21T09:35:02.220Z - POST /users/verifyResetLink - ::1
2024-09-21T09:35:02.223Z - POST /users/verifyResetLink - ::1
2024-09-21T09:35:09.914Z - OPTIONS /users/verifyResetLink - ::1
2024-09-21T09:35:09.915Z - OPTIONS /users/verifyResetLink - ::1
2024-09-21T09:35:09.917Z - POST /users/verifyResetLink - ::1
2024-09-21T09:35:09.919Z - POST /users/verifyResetLink - ::1
2024-09-21T09:35:44.938Z - OPTIONS /users/verifyResetLink - ::1
2024-09-21T09:35:44.940Z - OPTIONS /users/verifyResetLink - ::1
2024-09-21T09:35:44.941Z - POST /users/verifyResetLink - ::1
2024-09-21T09:35:44.943Z - POST /users/verifyResetLink - ::1
2024-09-21T09:36:07.691Z - OPTIONS /users/verifyResetLink - ::1
2024-09-21T09:36:07.693Z - OPTIONS /users/verifyResetLink - ::1
2024-09-21T09:36:07.694Z - POST /users/verifyResetLink - ::1
2024-09-21T09:36:07.696Z - POST /users/verifyResetLink - ::1
2024-09-21T09:36:19.231Z - OPTIONS /users/setNewPassword - ::1
2024-09-21T09:36:19.237Z - POST /users/setNewPassword - ::1
2024-09-21T09:36:19.325Z - OPTIONS /users/verifyResetLink - ::1
2024-09-21T09:36:19.326Z - OPTIONS /users/verifyResetLink - ::1
2024-09-21T09:36:19.329Z - POST /users/verifyResetLink - ::1
2024-09-21T09:36:19.331Z - POST /users/verifyResetLink - ::1
2024-09-21T09:39:32.215Z - OPTIONS /users/verifyResetLink - ::1
2024-09-21T09:39:32.221Z - OPTIONS /users/verifyResetLink - ::1
2024-09-21T09:39:32.222Z - POST /users/verifyResetLink - ::1
2024-09-21T09:39:32.237Z - POST /users/verifyResetLink - ::1
2024-09-21T09:39:36.023Z - OPTIONS /users/setNewPassword - ::1
2024-09-21T09:39:36.032Z - POST /users/setNewPassword - ::1
2024-09-21T09:39:36.101Z - POST /users/verifyResetLink - ::1
2024-09-21T09:39:36.104Z - POST /users/verifyResetLink - ::1
2024-09-21T09:39:52.110Z - OPTIONS /users/verifyResetLink - ::1
2024-09-21T09:39:52.114Z - POST /users/verifyResetLink - ::1
2024-09-21T09:39:56.365Z - POST /users/verifyResetLink - ::1
2024-09-21T09:39:56.367Z - POST /users/verifyResetLink - ::1
2024-09-21T09:40:16.292Z - OPTIONS /users/forgetPassword - ::1
2024-09-21T09:40:16.296Z - POST /users/forgetPassword - ::1
2024-09-21T09:40:33.694Z - OPTIONS /users/verifyResetLink - ::1
2024-09-21T09:40:33.695Z - OPTIONS /users/verifyResetLink - ::1
2024-09-21T09:40:33.696Z - POST /users/verifyResetLink - ::1
2024-09-21T09:40:33.698Z - POST /users/verifyResetLink - ::1
2024-09-21T09:40:36.710Z - OPTIONS /users/setNewPassword - ::1
2024-09-21T09:40:36.718Z - POST /users/setNewPassword - ::1
2024-09-21T09:40:36.797Z - POST /users/verifyResetLink - ::1
2024-09-21T09:40:36.799Z - POST /users/verifyResetLink - ::1
2024-09-21T09:41:17.045Z - OPTIONS /users/setNewPassword - ::1
2024-09-21T09:41:17.049Z - POST /users/setNewPassword - ::1
2024-09-21T09:41:17.137Z - OPTIONS /users/verifyResetLink - ::1
2024-09-21T09:41:17.141Z - OPTIONS /users/verifyResetLink - ::1
2024-09-21T09:41:17.142Z - POST /users/verifyResetLink - ::1
2024-09-21T09:41:17.144Z - POST /users/verifyResetLink - ::1
2024-09-21T09:41:41.624Z - OPTIONS /users/setNewPassword - ::1
2024-09-21T09:41:41.706Z - OPTIONS /users/verifyResetLink - ::1
2024-09-21T09:41:41.708Z - OPTIONS /users/verifyResetLink - ::1
2024-09-21T09:41:41.713Z - POST /users/verifyResetLink - ::1
2024-09-21T09:41:41.728Z - POST /users/verifyResetLink - ::1
2024-09-21T09:42:57.117Z - OPTIONS /users/verifyResetLink - ::1
2024-09-21T09:42:57.122Z - POST /users/verifyResetLink - ::1
2024-09-21T09:42:57.138Z - OPTIONS /users/verifyResetLink - ::1
2024-09-21T09:42:57.141Z - POST /users/verifyResetLink - ::1
2024-09-21T09:43:00.210Z - OPTIONS /users/setNewPassword - ::1
2024-09-21T09:43:00.214Z - POST /users/setNewPassword - ::1
2024-09-21T09:43:00.288Z - POST /users/verifyResetLink - ::1
2024-09-21T09:43:00.291Z - POST /users/verifyResetLink - ::1
2024-09-21T09:43:21.996Z - OPTIONS /users/setNewPassword - ::1
2024-09-21T09:43:22.083Z - OPTIONS /users/verifyResetLink - ::1
2024-09-21T09:43:22.085Z - OPTIONS /users/verifyResetLink - ::1
2024-09-21T09:43:22.086Z - POST /users/verifyResetLink - ::1
2024-09-21T09:43:22.100Z - POST /users/verifyResetLink - ::1
2024-09-21T09:44:07.530Z - OPTIONS /users/verifyResetLink - ::1
2024-09-21T09:44:07.532Z - OPTIONS /users/verifyResetLink - ::1
2024-09-21T09:44:07.534Z - POST /users/verifyResetLink - ::1
2024-09-21T09:44:07.536Z - POST /users/verifyResetLink - ::1
2024-09-21T09:44:13.160Z - OPTIONS /users/setNewPassword - ::1
2024-09-21T09:44:13.169Z - POST /users/setNewPassword - ::1
2024-09-21T09:44:13.245Z - OPTIONS /users/verifyResetLink - ::1
2024-09-21T09:44:13.246Z - OPTIONS /users/verifyResetLink - ::1
2024-09-21T09:44:13.251Z - POST /users/verifyResetLink - ::1
2024-09-21T09:44:13.253Z - POST /users/verifyResetLink - ::1
2024-09-21T09:45:44.683Z - OPTIONS /users/verifyResetLink - ::1
2024-09-21T09:45:44.688Z - POST /users/verifyResetLink - ::1
2024-09-21T09:45:46.747Z - POST /users/verifyResetLink - ::1
2024-09-21T09:45:46.750Z - POST /users/verifyResetLink - ::1
2024-09-21T09:45:48.356Z - POST /users/verifyResetLink - ::1
2024-09-21T09:45:48.359Z - POST /users/verifyResetLink - ::1
2024-09-21T09:45:53.466Z - OPTIONS /users/forgetPassword - ::1
2024-09-21T09:45:53.469Z - POST /users/forgetPassword - ::1
2024-09-21T09:46:03.499Z - OPTIONS /users/verifyResetLink - ::1
2024-09-21T09:46:03.501Z - OPTIONS /users/verifyResetLink - ::1
2024-09-21T09:46:03.502Z - POST /users/verifyResetLink - ::1
2024-09-21T09:46:03.504Z - POST /users/verifyResetLink - ::1
2024-09-21T09:46:08.310Z - OPTIONS /users/setNewPassword - ::1
2024-09-21T09:46:08.315Z - POST /users/setNewPassword - ::1
2024-09-21T09:46:08.401Z - POST /users/verifyResetLink - ::1
2024-09-21T09:46:08.404Z - POST /users/verifyResetLink - ::1
2024-09-21T09:46:17.254Z - OPTIONS /users/setNewPassword - ::1
2024-09-21T09:46:17.259Z - POST /users/setNewPassword - ::1
2024-09-21T09:46:17.360Z - OPTIONS /users/verifyResetLink - ::1
2024-09-21T09:46:17.362Z - OPTIONS /users/verifyResetLink - ::1
2024-09-21T09:46:17.363Z - POST /users/verifyResetLink - ::1
2024-09-21T09:46:17.365Z - POST /users/verifyResetLink - ::1
2024-09-21T09:46:24.233Z - OPTIONS /users - ::1
2024-09-21T09:46:24.236Z - POST /users - ::1
2024-09-21T09:47:07.893Z - OPTIONS /users/forgetPassword - ::1
2024-09-21T09:47:07.899Z - POST /users/forgetPassword - ::1
2024-09-21T09:47:18.459Z - OPTIONS /users/verifyResetLink - ::1
2024-09-21T09:47:18.460Z - OPTIONS /users/verifyResetLink - ::1
2024-09-21T09:47:18.462Z - POST /users/verifyResetLink - ::1
2024-09-21T09:47:18.465Z - POST /users/verifyResetLink - ::1
2024-09-21T09:48:50.451Z - OPTIONS /users/verifyResetLink - ::1
2024-09-21T09:48:50.452Z - OPTIONS /users/verifyResetLink - ::1
2024-09-21T09:48:50.454Z - POST /users/verifyResetLink - ::1
2024-09-21T09:48:50.456Z - POST /users/verifyResetLink - ::1
2024-09-21T09:49:27.084Z - OPTIONS /users/verifyResetLink - ::1
2024-09-21T09:49:27.087Z - POST /users/verifyResetLink - ::1
2024-09-21T09:49:28.840Z - OPTIONS /users/verifyResetLink - ::1
2024-09-21T09:49:28.841Z - OPTIONS /users/verifyResetLink - ::1
2024-09-21T09:49:28.842Z - POST /users/verifyResetLink - ::1
2024-09-21T09:49:28.844Z - POST /users/verifyResetLink - ::1
2024-09-21T09:49:40.719Z - OPTIONS /users/setNewPassword - ::1
2024-09-21T09:49:40.723Z - POST /users/setNewPassword - ::1
2024-09-21T13:46:20.172Z - GET /google - ::1
2024-09-21T13:46:36.871Z - GET /user/google - ::1
2024-09-21T13:47:27.660Z - GET /user/google - ::1
2024-09-21T13:47:42.564Z - GET /googleoauth - ::1
2024-09-21T13:49:52.298Z - GET /googleoauth - ::1
2024-09-21T13:50:12.668Z - GET /googleoauth - ::1
2024-09-21T13:50:35.918Z - GET /googleoauth - ::1
2024-09-21T13:53:04.389Z - GET /googleoauth - ::1
2024-09-21T13:53:19.406Z - GET /googleoauth - ::1
2024-09-21T13:54:06.207Z - GET /googleoauth - ::1
2024-09-21T13:54:24.875Z - GET /googleoauth - ::ffff:127.0.0.1
2024-09-21T13:54:37.871Z - GET /googleoauth - ::ffff:127.0.0.1
2024-09-21T14:02:04.748Z - GET /googleoauth - ::1
2024-09-21T14:03:09.353Z - GET /googleoauth - ::1
2024-09-21T14:06:07.829Z - GET /googleoauth - ::ffff:127.0.0.1
2024-09-21T14:07:11.397Z - GET /googleoauth - ::ffff:127.0.0.1
2024-09-21T14:08:52.486Z - GET /googleoauth - ::ffff:127.0.0.1
2024-09-21T14:10:59.638Z - GET /googleoauth - ::ffff:127.0.0.1
2024-09-21T14:11:06.179Z - GET /googleoauth - ::ffff:127.0.0.1
2024-09-21T14:11:12.857Z - GET /googleoauth - ::ffff:127.0.0.1
2024-09-21T14:12:36.434Z - GET /googleoauth - ::ffff:127.0.0.1
2024-09-21T14:14:23.361Z - GET /googleoauth - ::ffff:127.0.0.1
2024-09-21T14:14:27.954Z - GET /googleoauth - ::ffff:127.0.0.1
2024-09-21T14:14:49.899Z - GET /googleoauth - ::ffff:127.0.0.1
2024-09-21T14:15:44.207Z - GET /googleoauth - ::ffff:127.0.0.1
2024-09-21T14:19:45.724Z - GET /api/google - ::ffff:127.0.0.1
2024-09-21T14:20:17.924Z - GET /api/google - ::1
2024-09-21T14:21:41.092Z - GET /api/google - ::ffff:127.0.0.1
2024-09-21T14:22:12.195Z - GET /api/google - ::1
2024-09-21T14:23:21.783Z - GET /api/google - ::1
2024-09-21T14:24:15.457Z - GET /api/google - ::1
2024-09-21T14:26:03.107Z - GET /api/google - ::1
2024-09-21T14:44:32.788Z - GET /api/google - ::1
2024-09-21T14:45:10.758Z - GET /api/google - ::1
2024-09-21T14:45:16.201Z - GET /googleoauth - ::1
2024-09-21T14:48:21.615Z - GET /googleoauth - ::1
2024-09-21T14:50:23.189Z - GET /googleoauth - ::1
2024-09-21T14:51:00.997Z - GET /googleoauth - ::1
2024-09-21T14:55:38.477Z - GET /googleoauth - ::1
2024-09-21T14:56:47.127Z - GET /googleoauth - ::1
2024-09-21T14:57:32.054Z - GET /googleoauth - ::1
2024-09-21T14:58:34.883Z - GET /googleoauth - ::1
2024-09-21T14:58:37.835Z - GET /packages - ::1
2024-09-21T14:58:37.923Z - GET /packages - ::1
2024-09-21T14:58:40.026Z - GET /googleoauth - ::1
2024-09-21T15:00:02.583Z - GET /googleoauth - ::1
2024-09-21T15:00:34.454Z - GET /packages - ::1
2024-09-21T15:00:34.523Z - GET /packages - ::1
2024-09-21T15:00:37.427Z - GET /googleoauth - ::1
2024-09-21T15:03:14.610Z - GET /packages - ::1
2024-09-21T15:03:14.678Z - GET /packages - ::1
2024-09-21T15:03:16.775Z - GET /googleoauth - ::1
2024-09-21T15:03:24.964Z - GET /googleoauth - ::1
2024-09-21T15:04:23.931Z - GET /googleoauth - ::1
2024-09-21T15:08:32.479Z - GET /googleoauth - ::1
2024-09-21T15:10:09.158Z - GET /googleoauth - ::1
2024-09-21T15:10:33.468Z - GET /packages - ::1
2024-09-21T15:10:33.541Z - GET /packages - ::1
2024-09-21T15:10:35.879Z - GET /googleoauth - ::1
2024-09-21T15:11:17.586Z - GET /googleoauth - ::1
2024-09-21T15:13:05.689Z - GET /googleoauth/callback?code=4%2F0AQlEd8xhZhJq1nHZMndgE5u8aQWuBg4rzsI2CI00qQrZYtyGKOLfG38vehuy2yciFv9M5w&scope=email+profile+openid+https%3A%2F%2Fwww.googleapis.com%2Fauth%2Fuserinfo.profile+https%3A%2F%2Fwww.googleapis.com%2Fauth%2Fuserinfo.email&authuser=1&prompt=consent - ::1
2024-09-21T15:13:05.733Z - GET /favicon.ico - ::1
2024-09-21T15:13:27.957Z - GET /googleoauth/callback?code=4%2F0AQlEd8xhZhJq1nHZMndgE5u8aQWuBg4rzsI2CI00qQrZYtyGKOLfG38vehuy2yciFv9M5w&scope=email+profile+openid+https%3A%2F%2Fwww.googleapis.com%2Fauth%2Fuserinfo.profile+https%3A%2F%2Fwww.googleapis.com%2Fauth%2Fuserinfo.email&authuser=1&prompt=consent - ::1
2024-09-21T15:14:29.552Z - GET /googleoauth/callback?code=4%2F0AQlEd8xhZhJq1nHZMndgE5u8aQWuBg4rzsI2CI00qQrZYtyGKOLfG38vehuy2yciFv9M5w&scope=email+profile+openid+https%3A%2F%2Fwww.googleapis.com%2Fauth%2Fuserinfo.profile+https%3A%2F%2Fwww.googleapis.com%2Fauth%2Fuserinfo.email&authuser=1&prompt=consent - ::1
2024-09-21T15:14:35.290Z - GET /googleoauth/callback?code=4%2F0AQlEd8xeeLYGQy6azxHvrolY7RLX86RdY2EjwxwV7bY9PMd0vHoQkEUz8u0a2jRhEYKa9Q&scope=email+profile+openid+https%3A%2F%2Fwww.googleapis.com%2Fauth%2Fuserinfo.profile+https%3A%2F%2Fwww.googleapis.com%2Fauth%2Fuserinfo.email&authuser=1&prompt=consent - ::1
2024-09-21T15:19:27.858Z - GET /googleoauth/callback?code=4%2F0AQlEd8xeeLYGQy6azxHvrolY7RLX86RdY2EjwxwV7bY9PMd0vHoQkEUz8u0a2jRhEYKa9Q&scope=email+profile+openid+https%3A%2F%2Fwww.googleapis.com%2Fauth%2Fuserinfo.profile+https%3A%2F%2Fwww.googleapis.com%2Fauth%2Fuserinfo.email&authuser=1&prompt=consent - ::1
2024-09-21T15:36:19.673Z - GET /googleoauth/callback?code=4%2F0AQlEd8w1onOZQdskqVVxb396PTN6FB_9owPgdJN8BOK7P7zqr0SLcFpg1rZQnejuNBBQvA&scope=email+profile+openid+https%3A%2F%2Fwww.googleapis.com%2Fauth%2Fuserinfo.profile+https%3A%2F%2Fwww.googleapis.com%2Fauth%2Fuserinfo.email&authuser=1&prompt=consent - ::1
2024-09-21T16:00:20.722Z - OPTIONS /googleoauth/register - ::1
2024-09-21T16:00:20.727Z - POST /googleoauth/register - ::1
2024-09-21T16:00:28.448Z - OPTIONS /googleoauth/register - ::1
2024-09-21T16:00:28.452Z - POST /googleoauth/register - ::1
2024-09-21T16:00:44.690Z - OPTIONS /googleoauth/register - ::1
2024-09-21T16:00:44.695Z - POST /googleoauth/register - ::1
2024-09-21T16:03:30.000Z - OPTIONS /googleoauth/register - ::1
2024-09-21T16:03:30.005Z - POST /googleoauth/register - ::1
2024-09-21T16:06:37.910Z - OPTIONS /googleoauth/register - ::1
2024-09-21T16:06:37.918Z - POST /googleoauth/register - ::1
2024-09-21T16:07:09.292Z - OPTIONS /googleoauth/register - ::1
2024-09-21T16:07:09.294Z - POST /googleoauth/register - ::1
2024-09-21T16:07:50.771Z - OPTIONS /googleoauth/register - ::1
2024-09-21T16:07:50.774Z - POST /googleoauth/register - ::1
2024-09-21T16:08:14.488Z - OPTIONS /googleoauth/register - ::1
2024-09-21T16:08:14.492Z - POST /googleoauth/register - ::1
2024-09-21T16:08:21.954Z - OPTIONS /users - ::1
2024-09-21T16:08:21.958Z - POST /users - ::1
2024-09-21T16:08:47.760Z - OPTIONS /users/getUserByToken - ::1
2024-09-21T16:08:47.764Z - OPTIONS /users/getUserByToken - ::1
2024-09-21T16:08:47.767Z - GET /users/getUserByToken - ::1
2024-09-21T16:08:47.771Z - GET /users/getUserByToken - ::1
2024-09-21T16:09:03.491Z - OPTIONS /users/getUserByToken - ::1
2024-09-21T16:09:03.495Z - OPTIONS /users/getUserByToken - ::1
2024-09-21T16:09:03.497Z - GET /users/getUserByToken - ::1
2024-09-21T16:09:03.500Z - GET /users/getUserByToken - ::1
2024-09-21T16:09:05.410Z - OPTIONS /users/getUserByToken - ::1
2024-09-21T16:09:05.414Z - OPTIONS /users/getUserByToken - ::1
2024-09-21T16:09:05.415Z - GET /users/getUserByToken - ::1
2024-09-21T16:09:05.417Z - GET /users/getUserByToken - ::1
2024-09-21T16:09:17.657Z - OPTIONS /users/getUserByToken - ::1
2024-09-21T16:09:17.660Z - OPTIONS /users/getUserByToken - ::1
2024-09-21T16:09:17.661Z - GET /users/getUserByToken - ::1
2024-09-21T16:09:17.664Z - GET /users/getUserByToken - ::1
2024-09-21T16:10:16.672Z - OPTIONS /users/getUserByToken - ::1
2024-09-21T16:10:16.673Z - OPTIONS /users/getUserByToken - ::1
2024-09-21T16:10:16.680Z - GET /users/getUserByToken - ::1
2024-09-21T16:10:16.684Z - GET /users/getUserByToken - ::1
2024-09-21T16:10:21.049Z - OPTIONS /users/getUserByToken - ::1
2024-09-21T16:10:21.051Z - OPTIONS /users/getUserByToken - ::1
2024-09-21T16:10:21.055Z - GET /users/getUserByToken - ::1
2024-09-21T16:10:21.058Z - GET /users/getUserByToken - ::1
2024-09-21T16:10:25.864Z - OPTIONS /users/getUserByToken - ::1
2024-09-21T16:10:25.865Z - OPTIONS /users/getUserByToken - ::1
2024-09-21T16:10:25.870Z - GET /users/getUserByToken - ::1
2024-09-21T16:10:25.872Z - GET /users/getUserByToken - ::1
2024-09-21T16:11:23.083Z - OPTIONS /users/getUserByToken - ::1
2024-09-21T16:11:23.090Z - GET /users/getUserByToken - ::1
2024-09-21T16:13:16.520Z - OPTIONS /users - ::1
2024-09-21T16:13:16.526Z - POST /users - ::1
2024-09-21T16:14:29.472Z - OPTIONS /users/getUserByToken - ::1
2024-09-21T16:14:29.477Z - OPTIONS /users/getUserByToken - ::1
2024-09-21T16:14:29.478Z - GET /users/getUserByToken - ::1
2024-09-21T16:14:29.487Z - GET /users/getUserByToken - ::1
2024-09-21T16:16:07.483Z - OPTIONS /users/getUserByToken - ::1
2024-09-21T16:16:07.489Z - GET /users/getUserByToken - ::1
2024-09-21T16:16:13.479Z - OPTIONS /users/getUserByToken - ::1
2024-09-21T16:16:13.480Z - OPTIONS /users/getUserByToken - ::1
2024-09-21T16:16:13.482Z - GET /users/getUserByToken - ::1
2024-09-21T16:16:13.484Z - GET /users/getUserByToken - ::1
2024-09-21T16:16:45.689Z - OPTIONS /users/getUserByToken - ::1
2024-09-21T16:16:45.691Z - OPTIONS /users/getUserByToken - ::1
2024-09-21T16:16:45.694Z - GET /users/getUserByToken - ::1
2024-09-21T16:16:45.697Z - GET /users/getUserByToken - ::1
2024-09-21T16:16:49.222Z - OPTIONS /users/getUserByToken - ::1
2024-09-21T16:16:49.223Z - OPTIONS /users/getUserByToken - ::1
2024-09-21T16:16:49.228Z - GET /users/getUserByToken - ::1
2024-09-21T16:16:49.231Z - GET /users/getUserByToken - ::1
2024-09-21T16:17:50.970Z - OPTIONS /users/getUserByToken - ::1
2024-09-21T16:17:50.971Z - OPTIONS /users/getUserByToken - ::1
2024-09-21T16:17:50.974Z - GET /users/getUserByToken - ::1
2024-09-21T16:17:51.042Z - GET /users/getUserByToken - ::1
2024-09-21T16:18:14.190Z - OPTIONS /users/getUserByToken - ::1
2024-09-21T16:18:14.193Z - OPTIONS /users/getUserByToken - ::1
2024-09-21T16:18:14.194Z - GET /users/getUserByToken - ::1
2024-09-21T16:18:14.197Z - GET /users/getUserByToken - ::1
2024-09-21T16:18:14.882Z - OPTIONS /users/getUserByToken - ::1
2024-09-21T16:18:14.883Z - OPTIONS /users/getUserByToken - ::1
2024-09-21T16:18:14.887Z - GET /users/getUserByToken - ::1
2024-09-21T16:18:14.890Z - GET /users/getUserByToken - ::1
2024-09-21T16:18:15.719Z - OPTIONS /users/getUserByToken - ::1
2024-09-21T16:18:15.723Z - OPTIONS /users/getUserByToken - ::1
2024-09-21T16:18:15.724Z - GET /users/getUserByToken - ::1
2024-09-21T16:18:15.727Z - GET /users/getUserByToken - ::1
2024-09-21T16:18:16.401Z - OPTIONS /users/getUserByToken - ::1
2024-09-21T16:18:16.404Z - OPTIONS /users/getUserByToken - ::1
2024-09-21T16:18:16.405Z - GET /users/getUserByToken - ::1
2024-09-21T16:18:16.409Z - GET /users/getUserByToken - ::1
2024-09-21T16:18:17.100Z - OPTIONS /users/getUserByToken - ::1
2024-09-21T16:18:17.102Z - OPTIONS /users/getUserByToken - ::1
2024-09-21T16:18:17.104Z - GET /users/getUserByToken - ::1
2024-09-21T16:18:17.107Z - GET /users/getUserByToken - ::1
2024-09-21T16:18:18.062Z - OPTIONS /users/getUserByToken - ::1
2024-09-21T16:18:18.063Z - OPTIONS /users/getUserByToken - ::1
2024-09-21T16:18:18.068Z - GET /users/getUserByToken - ::1
2024-09-21T16:18:18.070Z - GET /users/getUserByToken - ::1
2024-09-21T16:18:19.022Z - OPTIONS /users/getUserByToken - ::1
2024-09-21T16:18:19.023Z - OPTIONS /users/getUserByToken - ::1
2024-09-21T16:18:19.025Z - GET /users/getUserByToken - ::1
2024-09-21T16:18:19.029Z - GET /users/getUserByToken - ::1
2024-09-21T16:18:19.824Z - OPTIONS /users/getUserByToken - ::1
2024-09-21T16:18:19.828Z - OPTIONS /users/getUserByToken - ::1
2024-09-21T16:18:19.830Z - GET /users/getUserByToken - ::1
2024-09-21T16:18:19.833Z - GET /users/getUserByToken - ::1
2024-09-21T16:18:20.636Z - OPTIONS /users/getUserByToken - ::1
2024-09-21T16:18:20.639Z - OPTIONS /users/getUserByToken - ::1
2024-09-21T16:18:20.640Z - GET /users/getUserByToken - ::1
2024-09-21T16:18:20.644Z - GET /users/getUserByToken - ::1
2024-09-21T16:18:21.438Z - OPTIONS /users/getUserByToken - ::1
2024-09-21T16:18:21.439Z - OPTIONS /users/getUserByToken - ::1
2024-09-21T16:18:21.444Z - GET /users/getUserByToken - ::1
2024-09-21T16:18:21.447Z - GET /users/getUserByToken - ::1
2024-09-21T16:19:14.257Z - GET /googleoauth - ::ffff:127.0.0.1
2024-09-21T16:19:18.840Z - GET /googleoauth/callback?code=4%2F0AQlEd8yfZHFtSpAeYyixNjX89_NBzAqLy9-2oZ6Pn3cXwa84Betmgs4oyC5XsylKIozhzA&scope=email+profile+openid+https%3A%2F%2Fwww.googleapis.com%2Fauth%2Fuserinfo.profile+https%3A%2F%2Fwww.googleapis.com%2Fauth%2Fuserinfo.email&authuser=0&prompt=consent - ::ffff:127.0.0.1
2024-09-21T16:19:25.072Z - OPTIONS /googleoauth/register - ::ffff:127.0.0.1
2024-09-21T16:19:25.074Z - POST /googleoauth/register - ::ffff:127.0.0.1
2024-09-21T16:19:48.381Z - OPTIONS /googleoauth/register - ::ffff:127.0.0.1
2024-09-21T16:19:48.383Z - POST /googleoauth/register - ::ffff:127.0.0.1
2024-09-21T16:21:04.184Z - OPTIONS /users - ::ffff:127.0.0.1
2024-09-21T16:21:04.192Z - POST /users - ::ffff:127.0.0.1
2024-09-21T16:21:09.663Z - OPTIONS /users/getUserByToken - ::ffff:127.0.0.1
2024-09-21T16:21:09.664Z - OPTIONS /users/getUserByToken - ::ffff:127.0.0.1
2024-09-21T16:21:09.665Z - GET /users/getUserByToken - ::ffff:127.0.0.1
2024-09-21T16:21:09.669Z - GET /users/getUserByToken - ::ffff:127.0.0.1
2024-09-21T16:22:11.589Z - OPTIONS /users/getUserByToken - ::ffff:127.0.0.1
2024-09-21T16:22:11.591Z - GET /users/getUserByToken - ::ffff:127.0.0.1
2024-09-21T16:22:11.815Z - OPTIONS /users/getUserByToken - ::1
2024-09-21T16:22:11.818Z - GET /users/getUserByToken - ::1
2024-09-21T16:22:33.901Z - OPTIONS /users/getUserByToken - ::ffff:127.0.0.1
2024-09-21T16:22:33.902Z - GET /users/getUserByToken - ::ffff:127.0.0.1
2024-09-21T16:22:34.815Z - OPTIONS /users/getUserByToken - ::1
2024-09-21T16:22:34.819Z - GET /users/getUserByToken - ::1
2024-09-21T16:22:46.861Z - OPTIONS /users/getUserByToken - ::ffff:127.0.0.1
2024-09-21T16:22:46.862Z - GET /users/getUserByToken - ::ffff:127.0.0.1
2024-09-21T16:22:47.814Z - OPTIONS /users/getUserByToken - ::1
2024-09-21T16:22:47.817Z - GET /users/getUserByToken - ::1
2024-09-21T16:23:05.444Z - OPTIONS /users/getUserByToken - ::ffff:127.0.0.1
2024-09-21T16:23:05.446Z - GET /users/getUserByToken - ::ffff:127.0.0.1
2024-09-21T16:23:05.816Z - OPTIONS /users/getUserByToken - ::1
2024-09-21T16:23:05.820Z - GET /users/getUserByToken - ::1
2024-09-21T16:25:13.677Z - OPTIONS /users/getUserByToken - ::ffff:127.0.0.1
2024-09-21T16:25:13.678Z - OPTIONS /users/getUserByToken - ::ffff:127.0.0.1
2024-09-21T16:25:13.679Z - GET /users/getUserByToken - ::ffff:127.0.0.1
2024-09-21T16:25:13.681Z - GET /users/getUserByToken - ::ffff:127.0.0.1
2024-09-21T16:25:30.849Z - GET /googleoauth - ::ffff:127.0.0.1
2024-09-21T16:25:34.440Z - GET /googleoauth/callback?code=4%2F0AQlEd8yvkGxc2ZGOLbqlpjOQVyNccJT-oiypykp6u8GL9r75VikXUDvwZ8RuqEVxXGGt5A&scope=email+profile+openid+https%3A%2F%2Fwww.googleapis.com%2Fauth%2Fuserinfo.profile+https%3A%2F%2Fwww.googleapis.com%2Fauth%2Fuserinfo.email&authuser=0&prompt=consent - ::ffff:127.0.0.1
2024-09-21T16:25:39.330Z - OPTIONS /googleoauth/register - ::ffff:127.0.0.1
2024-09-21T16:25:39.332Z - POST /googleoauth/register - ::ffff:127.0.0.1
2024-09-21T16:37:30.426Z - GET /googleoauth - ::ffff:127.0.0.1
2024-09-21T16:37:34.527Z - GET /googleoauth/callback?code=4%2F0AQlEd8yD3irhoeLDhI8r3ctFxITulUAlcegHO3ogs4RG_FEEaK90edGekwUheuxNHcpRWg&scope=email+profile+openid+https%3A%2F%2Fwww.googleapis.com%2Fauth%2Fuserinfo.profile+https%3A%2F%2Fwww.googleapis.com%2Fauth%2Fuserinfo.email&authuser=0&prompt=consent - ::ffff:127.0.0.1
2024-09-21T16:37:45.273Z - OPTIONS /googleoauth/register - ::ffff:127.0.0.1
2024-09-21T16:37:45.275Z - POST /googleoauth/register - ::ffff:127.0.0.1
2024-09-21T16:38:08.846Z - OPTIONS /users - ::ffff:127.0.0.1
2024-09-21T16:38:08.857Z - POST /users - ::ffff:127.0.0.1
2024-09-21T16:38:14.769Z - OPTIONS /users/getUserByToken - ::ffff:127.0.0.1
2024-09-21T16:38:14.771Z - OPTIONS /users/getUserByToken - ::ffff:127.0.0.1
2024-09-21T16:38:14.774Z - GET /users/getUserByToken - ::ffff:127.0.0.1
2024-09-21T16:38:14.779Z - GET /users/getUserByToken - ::ffff:127.0.0.1
2024-09-21T16:38:50.912Z - OPTIONS /users - ::ffff:127.0.0.1
2024-09-21T16:38:50.915Z - POST /users - ::ffff:127.0.0.1
2024-09-21T16:38:53.566Z - POST /users - ::ffff:127.0.0.1
2024-09-21T16:38:54.395Z - POST /users - ::ffff:127.0.0.1
2024-09-21T16:38:55.112Z - POST /users - ::ffff:127.0.0.1
2024-09-21T16:38:55.908Z - POST /users - ::ffff:127.0.0.1
2024-09-21T16:38:57.405Z - OPTIONS /users - ::ffff:127.0.0.1
2024-09-21T16:38:57.407Z - POST /users - ::ffff:127.0.0.1
2024-09-21T16:38:58.643Z - POST /users - ::ffff:127.0.0.1
2024-09-21T16:38:59.946Z - POST /users - ::ffff:127.0.0.1
2024-09-21T16:39:00.948Z - POST /users - ::ffff:127.0.0.1
2024-09-21T16:41:47.983Z - OPTIONS /users/getUserByToken - ::1
2024-09-21T16:41:47.988Z - OPTIONS /users/getUserByToken - ::1
2024-09-21T16:41:47.989Z - GET /users/getUserByToken - ::1
2024-09-21T16:41:47.998Z - GET /users/getUserByToken - ::1
2024-09-21T16:41:57.222Z - OPTIONS /users - ::1
2024-09-21T16:41:57.225Z - POST /users - ::1
2024-09-21T16:43:02.984Z - OPTIONS /users - ::1
2024-09-21T16:43:02.988Z - POST /users - ::1
2024-09-21T16:43:07.496Z - OPTIONS /users - ::1
2024-09-21T16:43:07.499Z - POST /users - ::1
2024-09-21T16:43:10.418Z - OPTIONS /users - ::1
2024-09-21T16:43:10.421Z - POST /users - ::1
2024-09-21T16:43:13.699Z - OPTIONS /users - ::1
2024-09-21T16:43:13.702Z - POST /users - ::1
2024-09-21T16:43:16.899Z - OPTIONS /users - ::1
2024-09-21T16:43:16.902Z - POST /users - ::1
2024-09-21T16:43:22.716Z - OPTIONS /users - ::1
2024-09-21T16:43:22.720Z - POST /users - ::1
2024-09-21T16:43:29.781Z - GET /googleoauth - ::1
2024-09-21T16:43:35.057Z - GET /googleoauth/callback?code=4%2F0AQlEd8yXa1XOjCxx1s_SvjL-qF_itn8b-9BAL79gtgCRkfam6j0UsxekGprmYWxRt9tUNg&scope=email+profile+openid+https%3A%2F%2Fwww.googleapis.com%2Fauth%2Fuserinfo.profile+https%3A%2F%2Fwww.googleapis.com%2Fauth%2Fuserinfo.email&authuser=0&prompt=consent - ::1
2024-09-21T16:43:42.475Z - OPTIONS /googleoauth/register - ::1
2024-09-21T16:43:42.479Z - POST /googleoauth/register - ::1
2024-09-21T16:45:23.392Z - OPTIONS /users/register - ::1
2024-09-21T16:45:23.396Z - POST /users/register - ::1
2024-09-21T16:46:22.610Z - OPTIONS /users/getUserByToken - ::1
2024-09-21T16:46:22.612Z - OPTIONS /users/getUserByToken - ::1
2024-09-21T16:46:22.615Z - GET /users/getUserByToken - ::1
2024-09-21T16:46:22.618Z - GET /users/getUserByToken - ::1
2024-09-21T16:46:23.365Z - GET /packages - ::1
2024-09-21T16:46:23.368Z - GET /packages - ::1
2024-09-21T16:46:26.394Z - OPTIONS /users/resend-key - ::1
2024-09-21T16:46:26.397Z - GET /users/resend-key - ::1
2024-09-21T16:46:37.946Z - OPTIONS /users/getUserByToken - ::1
2024-09-21T16:46:37.947Z - OPTIONS /users/getUserByToken - ::1
2024-09-21T16:46:37.951Z - GET /users/getUserByToken - ::1
2024-09-21T16:46:37.955Z - GET /users/getUserByToken - ::1
2024-09-21T16:46:39.317Z - OPTIONS /users/resend-key - ::1
2024-09-21T16:46:39.321Z - GET /users/resend-key - ::1
2024-09-21T16:47:16.222Z - OPTIONS /users - ::ffff:127.0.0.1
2024-09-21T16:47:16.231Z - POST /users - ::ffff:127.0.0.1
2024-09-21T16:47:29.457Z - OPTIONS /users/getUserByToken - ::ffff:127.0.0.1
2024-09-21T16:47:29.458Z - OPTIONS /users/getUserByToken - ::ffff:127.0.0.1
2024-09-21T16:47:29.459Z - GET /users/getUserByToken - ::ffff:127.0.0.1
2024-09-21T16:47:29.461Z - GET /users/getUserByToken - ::ffff:127.0.0.1
2024-09-21T16:47:58.077Z - OPTIONS /users/forgetPassword - ::ffff:127.0.0.1
2024-09-21T16:47:58.079Z - POST /users/forgetPassword - ::ffff:127.0.0.1
2024-09-21T16:48:09.987Z - OPTIONS /users/verifyResetLink - ::ffff:127.0.0.1
2024-09-21T16:48:09.988Z - OPTIONS /users/verifyResetLink - ::ffff:127.0.0.1
2024-09-21T16:48:09.989Z - POST /users/verifyResetLink - ::ffff:127.0.0.1
2024-09-21T16:48:09.992Z - POST /users/verifyResetLink - ::ffff:127.0.0.1
2024-09-21T16:48:15.146Z - OPTIONS /users/setNewPassword - ::ffff:127.0.0.1
2024-09-21T16:48:15.148Z - POST /users/setNewPassword - ::ffff:127.0.0.1
2024-09-21T16:51:07.706Z - OPTIONS /users/verifyResetLink - ::ffff:127.0.0.1
2024-09-21T16:51:07.710Z - OPTIONS /users/verifyResetLink - ::ffff:127.0.0.1
2024-09-21T16:51:07.711Z - POST /users/verifyResetLink - ::ffff:127.0.0.1
2024-09-21T16:51:07.713Z - POST /users/verifyResetLink - ::ffff:127.0.0.1
2024-09-21T16:51:20.990Z - OPTIONS /users/verifyResetLink - ::ffff:127.0.0.1
2024-09-21T16:51:20.992Z - OPTIONS /users/verifyResetLink - ::ffff:127.0.0.1
2024-09-21T16:51:20.993Z - POST /users/verifyResetLink - ::ffff:127.0.0.1
2024-09-21T16:51:20.998Z - POST /users/verifyResetLink - ::ffff:127.0.0.1
2024-09-21T16:51:22.803Z - POST /users/verifyResetLink - ::ffff:127.0.0.1
2024-09-21T16:51:22.804Z - POST /users/verifyResetLink - ::ffff:127.0.0.1
2024-09-21T16:51:23.799Z - POST /users/verifyResetLink - ::ffff:127.0.0.1
2024-09-21T16:51:23.800Z - POST /users/verifyResetLink - ::ffff:127.0.0.1
2024-09-21T16:51:38.160Z - OPTIONS /users/forgetPassword - ::ffff:127.0.0.1
2024-09-21T16:51:38.162Z - POST /users/forgetPassword - ::ffff:127.0.0.1
2024-09-21T16:51:54.396Z - OPTIONS /users/verifyResetLink - ::ffff:127.0.0.1
2024-09-21T16:51:54.397Z - OPTIONS /users/verifyResetLink - ::ffff:127.0.0.1
2024-09-21T16:51:54.398Z - POST /users/verifyResetLink - ::ffff:127.0.0.1
2024-09-21T16:51:54.401Z - POST /users/verifyResetLink - ::ffff:127.0.0.1
2024-09-21T16:51:58.283Z - OPTIONS /users/setNewPassword - ::ffff:127.0.0.1
2024-09-21T16:51:58.285Z - POST /users/setNewPassword - ::ffff:127.0.0.1
2024-09-21T16:55:26.360Z - OPTIONS /users/forgetPassword - ::ffff:127.0.0.1
2024-09-21T16:55:26.362Z - POST /users/forgetPassword - ::ffff:127.0.0.1
2024-09-21T16:55:41.167Z - OPTIONS /users/verifyResetLink - ::ffff:127.0.0.1
2024-09-21T16:55:41.168Z - OPTIONS /users/verifyResetLink - ::ffff:127.0.0.1
2024-09-21T16:55:41.169Z - POST /users/verifyResetLink - ::ffff:127.0.0.1
2024-09-21T16:55:41.172Z - POST /users/verifyResetLink - ::ffff:127.0.0.1
2024-09-21T16:55:47.516Z - OPTIONS /users/setNewPassword - ::ffff:127.0.0.1
2024-09-21T16:55:47.520Z - POST /users/setNewPassword - ::ffff:127.0.0.1
2024-09-21T16:56:09.336Z - OPTIONS /users - ::ffff:127.0.0.1
2024-09-21T16:56:09.338Z - POST /users - ::ffff:127.0.0.1
2024-09-21T16:56:14.875Z - OPTIONS /users/getUserByToken - ::ffff:127.0.0.1
2024-09-21T16:56:14.876Z - OPTIONS /users/getUserByToken - ::ffff:127.0.0.1
2024-09-21T16:56:14.877Z - GET /users/getUserByToken - ::ffff:127.0.0.1
2024-09-21T16:56:14.879Z - GET /users/getUserByToken - ::ffff:127.0.0.1
2024-09-21T17:00:15.482Z - OPTIONS /users/getUserByToken - ::1
2024-09-21T17:00:15.487Z - GET /users/getUserByToken - ::1
2024-09-21T17:00:15.495Z - OPTIONS /users/getUserByToken - ::1
2024-09-21T17:00:15.560Z - GET /users/getUserByToken - ::1
2024-09-21T17:00:17.163Z - GET /packages - ::1
2024-09-21T17:00:17.227Z - GET /packages - ::1
2024-09-21T17:08:14.082Z - OPTIONS /users/getUserByToken - ::ffff:127.0.0.1
2024-09-21T17:08:14.083Z - OPTIONS /users/getUserByToken - ::ffff:127.0.0.1
2024-09-21T17:08:14.100Z - GET /users/getUserByToken - ::ffff:127.0.0.1
2024-09-21T17:08:14.104Z - GET /users/getUserByToken - ::ffff:127.0.0.1
2024-09-21T17:08:14.114Z - GET /users/getUserByToken - ::ffff:127.0.0.1
2024-09-21T17:08:14.118Z - GET /users/getUserByToken - ::ffff:127.0.0.1
2024-09-21T17:08:14.151Z - GET /users/getUserByToken - ::ffff:127.0.0.1
2024-09-21T17:08:14.155Z - GET /users/getUserByToken - ::ffff:127.0.0.1
2024-09-21T17:08:14.174Z - GET /users/getUserByToken - ::ffff:127.0.0.1
2024-09-21T17:08:14.176Z - GET /users/getUserByToken - ::ffff:127.0.0.1
